This is pdfTeX, Version 3.14159265-2.6-1.40.16 (TeX Live 2015) (preloaded format=pdflatex 2015.12.26)  1 JUN 2017 11:43
entering extended mode
 restricted \write18 enabled.
 %&-line parsing enabled.
**Report_1June2017.tex
(./Report_1June2017.tex
LaTeX2e <2015/01/01>
Babel <3.9l> and hyphenation patterns for 79 languages loaded.
(/usr/local/texlive/2015/texmf-dist/tex/latex/base/article.cls
Document Class: article 2014/09/29 v1.4h Standard LaTeX document class
(/usr/local/texlive/2015/texmf-dist/tex/latex/base/size12.clo
File: size12.clo 2014/09/29 v1.4h Standard LaTeX file (size option)
)
\c@part=\count79
\c@section=\count80
\c@subsection=\count81
\c@subsubsection=\count82
\c@paragraph=\count83
\c@subparagraph=\count84
\c@figure=\count85
\c@table=\count86
\abovecaptionskip=\skip41
\belowcaptionskip=\skip42
\bibindent=\dimen102
)
(/usr/local/texlive/2015/texmf-dist/tex/latex/amsmath/amsmath.sty
Package: amsmath 2013/01/14 v2.14 AMS math features
\@mathmargin=\skip43

For additional information on amsmath, use the `?' option.
(/usr/local/texlive/2015/texmf-dist/tex/latex/amsmath/amstext.sty
Package: amstext 2000/06/29 v2.01

(/usr/local/texlive/2015/texmf-dist/tex/latex/amsmath/amsgen.sty
File: amsgen.sty 1999/11/30 v2.0
\@emptytoks=\toks14
\ex@=\dimen103
))
(/usr/local/texlive/2015/texmf-dist/tex/latex/amsmath/amsbsy.sty
Package: amsbsy 1999/11/29 v1.2d
\pmbraise@=\dimen104
)
(/usr/local/texlive/2015/texmf-dist/tex/latex/amsmath/amsopn.sty
Package: amsopn 1999/12/14 v2.01 operator names
)
\inf@bad=\count87
LaTeX Info: Redefining \frac on input line 210.
\uproot@=\count88
\leftroot@=\count89
LaTeX Info: Redefining \overline on input line 306.
\classnum@=\count90
\DOTSCASE@=\count91
LaTeX Info: Redefining \ldots on input line 378.
LaTeX Info: Redefining \dots on input line 381.
LaTeX Info: Redefining \cdots on input line 466.
\Mathstrutbox@=\box26
\strutbox@=\box27
\big@size=\dimen105
LaTeX Font Info:    Redeclaring font encoding OML on input line 566.
LaTeX Font Info:    Redeclaring font encoding OMS on input line 567.
\macc@depth=\count92
\c@MaxMatrixCols=\count93
\dotsspace@=\muskip10
\c@parentequation=\count94
\dspbrk@lvl=\count95
\tag@help=\toks15
\row@=\count96
\column@=\count97
\maxfields@=\count98
\andhelp@=\toks16
\eqnshift@=\dimen106
\alignsep@=\dimen107
\tagshift@=\dimen108
\tagwidth@=\dimen109
\totwidth@=\dimen110
\lineht@=\dimen111
\@envbody=\toks17
\multlinegap=\skip44
\multlinetaggap=\skip45
\mathdisplay@stack=\toks18
LaTeX Info: Redefining \[ on input line 2665.
LaTeX Info: Redefining \] on input line 2666.
)
(/usr/local/texlive/2015/texmf-dist/tex/latex/jknapltx/mathrsfs.sty
Package: mathrsfs 1996/01/01 Math RSFS package v1.0 (jk)
\symrsfs=\mathgroup4
)
(/usr/local/texlive/2015/texmf-dist/tex/latex/graphics/color.sty
Package: color 2014/10/28 v1.1a Standard LaTeX Color (DPC)

(/usr/local/texlive/2015/texmf-dist/tex/latex/latexconfig/color.cfg
File: color.cfg 2007/01/18 v1.5 color configuration of teTeX/TeXLive
)
Package color Info: Driver file: pdftex.def on input line 142.

(/usr/local/texlive/2015/texmf-dist/tex/latex/pdftex-def/pdftex.def
File: pdftex.def 2011/05/27 v0.06d Graphics/color for pdfTeX

(/usr/local/texlive/2015/texmf-dist/tex/generic/oberdiek/infwarerr.sty
Package: infwarerr 2010/04/08 v1.3 Providing info/warning/error messages (HO)
)
(/usr/local/texlive/2015/texmf-dist/tex/generic/oberdiek/ltxcmds.sty
Package: ltxcmds 2011/11/09 v1.22 LaTeX kernel commands for general use (HO)
)
\Gread@gobject=\count99
))
(/usr/local/texlive/2015/texmf-dist/tex/latex/pgf/frontendlayer/tikz.sty
(/usr/local/texlive/2015/texmf-dist/tex/latex/pgf/basiclayer/pgf.sty
(/usr/local/texlive/2015/texmf-dist/tex/latex/pgf/utilities/pgfrcs.sty
(/usr/local/texlive/2015/texmf-dist/tex/generic/pgf/utilities/pgfutil-common.te
x
\pgfutil@everybye=\toks19
\pgfutil@tempdima=\dimen112
\pgfutil@tempdimb=\dimen113

(/usr/local/texlive/2015/texmf-dist/tex/generic/pgf/utilities/pgfutil-common-li
sts.tex))
(/usr/local/texlive/2015/texmf-dist/tex/generic/pgf/utilities/pgfutil-latex.def
\pgfutil@abb=\box28
(/usr/local/texlive/2015/texmf-dist/tex/latex/ms/everyshi.sty
Package: everyshi 2001/05/15 v3.00 EveryShipout Package (MS)
))
(/usr/local/texlive/2015/texmf-dist/tex/generic/pgf/utilities/pgfrcs.code.tex
Package: pgfrcs 2013/12/20 v3.0.0 (rcs-revision 1.28)
))
Package: pgf 2013/12/18 v3.0.0 (rcs-revision 1.14)
(/usr/local/texlive/2015/texmf-dist/tex/latex/pgf/basiclayer/pgfcore.sty
(/usr/local/texlive/2015/texmf-dist/tex/latex/graphics/graphicx.sty
Package: graphicx 2014/10/28 v1.0g Enhanced LaTeX Graphics (DPC,SPQR)

(/usr/local/texlive/2015/texmf-dist/tex/latex/graphics/keyval.sty
Package: keyval 2014/10/28 v1.15 key=value parser (DPC)
\KV@toks@=\toks20
)
(/usr/local/texlive/2015/texmf-dist/tex/latex/graphics/graphics.sty
Package: graphics 2014/10/28 v1.0p Standard LaTeX Graphics (DPC,SPQR)

(/usr/local/texlive/2015/texmf-dist/tex/latex/graphics/trig.sty
Package: trig 1999/03/16 v1.09 sin cos tan (DPC)
)
(/usr/local/texlive/2015/texmf-dist/tex/latex/latexconfig/graphics.cfg
File: graphics.cfg 2010/04/23 v1.9 graphics configuration of TeX Live
)
Package graphics Info: Driver file: pdftex.def on input line 94.
)
\Gin@req@height=\dimen114
\Gin@req@width=\dimen115
)
(/usr/local/texlive/2015/texmf-dist/tex/latex/pgf/systemlayer/pgfsys.sty
(/usr/local/texlive/2015/texmf-dist/tex/generic/pgf/systemlayer/pgfsys.code.tex
Package: pgfsys 2013/11/30 v3.0.0 (rcs-revision 1.47)
(/usr/local/texlive/2015/texmf-dist/tex/generic/pgf/utilities/pgfkeys.code.tex
\pgfkeys@pathtoks=\toks21
\pgfkeys@temptoks=\toks22

(/usr/local/texlive/2015/texmf-dist/tex/generic/pgf/utilities/pgfkeysfiltered.c
ode.tex
\pgfkeys@tmptoks=\toks23
))
\pgf@x=\dimen116
\pgf@y=\dimen117
\pgf@xa=\dimen118
\pgf@ya=\dimen119
\pgf@xb=\dimen120
\pgf@yb=\dimen121
\pgf@xc=\dimen122
\pgf@yc=\dimen123
\w@pgf@writea=\write3
\r@pgf@reada=\read1
\c@pgf@counta=\count100
\c@pgf@countb=\count101
\c@pgf@countc=\count102
\c@pgf@countd=\count103
\t@pgf@toka=\toks24
\t@pgf@tokb=\toks25
\t@pgf@tokc=\toks26

(/usr/local/texlive/2015/texmf-dist/tex/generic/pgf/systemlayer/pgf.cfg
File: pgf.cfg 2008/05/14  (rcs-revision 1.7)
)
Driver file for pgf: pgfsys-pdftex.def

(/usr/local/texlive/2015/texmf-dist/tex/generic/pgf/systemlayer/pgfsys-pdftex.d
ef
File: pgfsys-pdftex.def 2013/07/18  (rcs-revision 1.33)

(/usr/local/texlive/2015/texmf-dist/tex/generic/pgf/systemlayer/pgfsys-common-p
df.def
File: pgfsys-common-pdf.def 2013/10/10  (rcs-revision 1.13)
)))
(/usr/local/texlive/2015/texmf-dist/tex/generic/pgf/systemlayer/pgfsyssoftpath.
code.tex
File: pgfsyssoftpath.code.tex 2013/09/09  (rcs-revision 1.9)
\pgfsyssoftpath@smallbuffer@items=\count104
\pgfsyssoftpath@bigbuffer@items=\count105
)
(/usr/local/texlive/2015/texmf-dist/tex/generic/pgf/systemlayer/pgfsysprotocol.
code.tex
File: pgfsysprotocol.code.tex 2006/10/16  (rcs-revision 1.4)
)) (/usr/local/texlive/2015/texmf-dist/tex/latex/xcolor/xcolor.sty
Package: xcolor 2007/01/21 v2.11 LaTeX color extensions (UK)

(/usr/local/texlive/2015/texmf-dist/tex/latex/latexconfig/color.cfg
File: color.cfg 2007/01/18 v1.5 color configuration of teTeX/TeXLive
)
Package xcolor Info: Driver file: pdftex.def on input line 225.
LaTeX Info: Redefining \color on input line 702.
Package xcolor Info: Model `cmy' substituted by `cmy0' on input line 1337.
Package xcolor Info: Model `hsb' substituted by `rgb' on input line 1341.
Package xcolor Info: Model `RGB' extended on input line 1353.
Package xcolor Info: Model `HTML' substituted by `rgb' on input line 1355.
Package xcolor Info: Model `Hsb' substituted by `hsb' on input line 1356.
Package xcolor Info: Model `tHsb' substituted by `hsb' on input line 1357.
Package xcolor Info: Model `HSB' substituted by `hsb' on input line 1358.
Package xcolor Info: Model `Gray' substituted by `gray' on input line 1359.
Package xcolor Info: Model `wave' substituted by `hsb' on input line 1360.
)
(/usr/local/texlive/2015/texmf-dist/tex/generic/pgf/basiclayer/pgfcore.code.tex
Package: pgfcore 2010/04/11 v3.0.0 (rcs-revision 1.7)
(/usr/local/texlive/2015/texmf-dist/tex/generic/pgf/math/pgfmath.code.tex
(/usr/local/texlive/2015/texmf-dist/tex/generic/pgf/math/pgfmathcalc.code.tex
(/usr/local/texlive/2015/texmf-dist/tex/generic/pgf/math/pgfmathutil.code.tex)
(/usr/local/texlive/2015/texmf-dist/tex/generic/pgf/math/pgfmathparser.code.tex
\pgfmath@dimen=\dimen124
\pgfmath@count=\count106
\pgfmath@box=\box29
\pgfmath@toks=\toks27
\pgfmath@stack@operand=\toks28
\pgfmath@stack@operation=\toks29
)
(/usr/local/texlive/2015/texmf-dist/tex/generic/pgf/math/pgfmathfunctions.code.
tex
(/usr/local/texlive/2015/texmf-dist/tex/generic/pgf/math/pgfmathfunctions.basic
.code.tex)
(/usr/local/texlive/2015/texmf-dist/tex/generic/pgf/math/pgfmathfunctions.trigo
nometric.code.tex)
(/usr/local/texlive/2015/texmf-dist/tex/generic/pgf/math/pgfmathfunctions.rando
m.code.tex)
(/usr/local/texlive/2015/texmf-dist/tex/generic/pgf/math/pgfmathfunctions.compa
rison.code.tex)
(/usr/local/texlive/2015/texmf-dist/tex/generic/pgf/math/pgfmathfunctions.base.
code.tex)
(/usr/local/texlive/2015/texmf-dist/tex/generic/pgf/math/pgfmathfunctions.round
.code.tex)
(/usr/local/texlive/2015/texmf-dist/tex/generic/pgf/math/pgfmathfunctions.misc.
code.tex)
(/usr/local/texlive/2015/texmf-dist/tex/generic/pgf/math/pgfmathfunctions.integ
erarithmetics.code.tex)))
(/usr/local/texlive/2015/texmf-dist/tex/generic/pgf/math/pgfmathfloat.code.tex
\c@pgfmathroundto@lastzeros=\count107
))
(/usr/local/texlive/2015/texmf-dist/tex/generic/pgf/basiclayer/pgfcorepoints.co
de.tex
File: pgfcorepoints.code.tex 2013/10/07  (rcs-revision 1.27)
\pgf@picminx=\dimen125
\pgf@picmaxx=\dimen126
\pgf@picminy=\dimen127
\pgf@picmaxy=\dimen128
\pgf@pathminx=\dimen129
\pgf@pathmaxx=\dimen130
\pgf@pathminy=\dimen131
\pgf@pathmaxy=\dimen132
\pgf@xx=\dimen133
\pgf@xy=\dimen134
\pgf@yx=\dimen135
\pgf@yy=\dimen136
\pgf@zx=\dimen137
\pgf@zy=\dimen138
)
(/usr/local/texlive/2015/texmf-dist/tex/generic/pgf/basiclayer/pgfcorepathconst
ruct.code.tex
File: pgfcorepathconstruct.code.tex 2013/10/07  (rcs-revision 1.29)
\pgf@path@lastx=\dimen139
\pgf@path@lasty=\dimen140
)
(/usr/local/texlive/2015/texmf-dist/tex/generic/pgf/basiclayer/pgfcorepathusage
.code.tex
File: pgfcorepathusage.code.tex 2013/12/13  (rcs-revision 1.23)
\pgf@shorten@end@additional=\dimen141
\pgf@shorten@start@additional=\dimen142
)
(/usr/local/texlive/2015/texmf-dist/tex/generic/pgf/basiclayer/pgfcorescopes.co
de.tex
File: pgfcorescopes.code.tex 2013/10/09  (rcs-revision 1.44)
\pgfpic=\box30
\pgf@hbox=\box31
\pgf@layerbox@main=\box32
\pgf@picture@serial@count=\count108
)
(/usr/local/texlive/2015/texmf-dist/tex/generic/pgf/basiclayer/pgfcoregraphicst
ate.code.tex
File: pgfcoregraphicstate.code.tex 2013/09/19  (rcs-revision 1.11)
\pgflinewidth=\dimen143
)
(/usr/local/texlive/2015/texmf-dist/tex/generic/pgf/basiclayer/pgfcoretransform
ations.code.tex
File: pgfcoretransformations.code.tex 2013/10/10  (rcs-revision 1.17)
\pgf@pt@x=\dimen144
\pgf@pt@y=\dimen145
\pgf@pt@temp=\dimen146
)
(/usr/local/texlive/2015/texmf-dist/tex/generic/pgf/basiclayer/pgfcorequick.cod
e.tex
File: pgfcorequick.code.tex 2008/10/09  (rcs-revision 1.3)
)
(/usr/local/texlive/2015/texmf-dist/tex/generic/pgf/basiclayer/pgfcoreobjects.c
ode.tex
File: pgfcoreobjects.code.tex 2006/10/11  (rcs-revision 1.2)
)
(/usr/local/texlive/2015/texmf-dist/tex/generic/pgf/basiclayer/pgfcorepathproce
ssing.code.tex
File: pgfcorepathprocessing.code.tex 2013/09/09  (rcs-revision 1.9)
)
(/usr/local/texlive/2015/texmf-dist/tex/generic/pgf/basiclayer/pgfcorearrows.co
de.tex
File: pgfcorearrows.code.tex 2013/11/07  (rcs-revision 1.40)
\pgfarrowsep=\dimen147
)
(/usr/local/texlive/2015/texmf-dist/tex/generic/pgf/basiclayer/pgfcoreshade.cod
e.tex
File: pgfcoreshade.code.tex 2013/07/15  (rcs-revision 1.15)
\pgf@max=\dimen148
\pgf@sys@shading@range@num=\count109
)
(/usr/local/texlive/2015/texmf-dist/tex/generic/pgf/basiclayer/pgfcoreimage.cod
e.tex
File: pgfcoreimage.code.tex 2013/07/15  (rcs-revision 1.18)

(/usr/local/texlive/2015/texmf-dist/tex/generic/pgf/basiclayer/pgfcoreexternal.
code.tex
File: pgfcoreexternal.code.tex 2013/07/15  (rcs-revision 1.20)
\pgfexternal@startupbox=\box33
))
(/usr/local/texlive/2015/texmf-dist/tex/generic/pgf/basiclayer/pgfcorelayers.co
de.tex
File: pgfcorelayers.code.tex 2013/07/18  (rcs-revision 1.7)
)
(/usr/local/texlive/2015/texmf-dist/tex/generic/pgf/basiclayer/pgfcoretranspare
ncy.code.tex
File: pgfcoretransparency.code.tex 2013/09/30  (rcs-revision 1.5)
)
(/usr/local/texlive/2015/texmf-dist/tex/generic/pgf/basiclayer/pgfcorepatterns.
code.tex
File: pgfcorepatterns.code.tex 2013/11/07  (rcs-revision 1.5)
)))
(/usr/local/texlive/2015/texmf-dist/tex/generic/pgf/modules/pgfmoduleshapes.cod
e.tex
File: pgfmoduleshapes.code.tex 2013/10/31  (rcs-revision 1.34)
\pgfnodeparttextbox=\box34
)
(/usr/local/texlive/2015/texmf-dist/tex/generic/pgf/modules/pgfmoduleplot.code.
tex
File: pgfmoduleplot.code.tex 2013/07/31  (rcs-revision 1.12)
)
(/usr/local/texlive/2015/texmf-dist/tex/latex/pgf/compatibility/pgfcomp-version
-0-65.sty
Package: pgfcomp-version-0-65 2007/07/03 v3.0.0 (rcs-revision 1.7)
\pgf@nodesepstart=\dimen149
\pgf@nodesepend=\dimen150
)
(/usr/local/texlive/2015/texmf-dist/tex/latex/pgf/compatibility/pgfcomp-version
-1-18.sty
Package: pgfcomp-version-1-18 2007/07/23 v3.0.0 (rcs-revision 1.1)
))
(/usr/local/texlive/2015/texmf-dist/tex/latex/pgf/utilities/pgffor.sty
(/usr/local/texlive/2015/texmf-dist/tex/latex/pgf/utilities/pgfkeys.sty
(/usr/local/texlive/2015/texmf-dist/tex/generic/pgf/utilities/pgfkeys.code.tex)
) (/usr/local/texlive/2015/texmf-dist/tex/latex/pgf/math/pgfmath.sty
(/usr/local/texlive/2015/texmf-dist/tex/generic/pgf/math/pgfmath.code.tex))
(/usr/local/texlive/2015/texmf-dist/tex/generic/pgf/utilities/pgffor.code.tex
Package: pgffor 2013/12/13 v3.0.0 (rcs-revision 1.25)

(/usr/local/texlive/2015/texmf-dist/tex/generic/pgf/math/pgfmath.code.tex)
\pgffor@iter=\dimen151
\pgffor@skip=\dimen152
\pgffor@stack=\toks30
\pgffor@toks=\toks31
))
(/usr/local/texlive/2015/texmf-dist/tex/generic/pgf/frontendlayer/tikz/tikz.cod
e.tex
Package: tikz 2013/12/13 v3.0.0 (rcs-revision 1.142)

(/usr/local/texlive/2015/texmf-dist/tex/generic/pgf/libraries/pgflibraryplothan
dlers.code.tex
File: pgflibraryplothandlers.code.tex 2013/08/31 v3.0.0 (rcs-revision 1.20)
\pgf@plot@mark@count=\count110
\pgfplotmarksize=\dimen153
)
\tikz@lastx=\dimen154
\tikz@lasty=\dimen155
\tikz@lastxsaved=\dimen156
\tikz@lastysaved=\dimen157
\tikzleveldistance=\dimen158
\tikzsiblingdistance=\dimen159
\tikz@figbox=\box35
\tikz@figbox@bg=\box36
\tikz@tempbox=\box37
\tikz@tempbox@bg=\box38
\tikztreelevel=\count111
\tikznumberofchildren=\count112
\tikznumberofcurrentchild=\count113
\tikz@fig@count=\count114

(/usr/local/texlive/2015/texmf-dist/tex/generic/pgf/modules/pgfmodulematrix.cod
e.tex
File: pgfmodulematrix.code.tex 2013/09/17  (rcs-revision 1.8)
\pgfmatrixcurrentrow=\count115
\pgfmatrixcurrentcolumn=\count116
\pgf@matrix@numberofcolumns=\count117
)
\tikz@expandcount=\count118

(/usr/local/texlive/2015/texmf-dist/tex/generic/pgf/frontendlayer/tikz/librarie
s/tikzlibrarytopaths.code.tex
File: tikzlibrarytopaths.code.tex 2008/06/17 v3.0.0 (rcs-revision 1.2)
)))
(/usr/local/texlive/2015/texmf-dist/tex/latex/url/url.sty
\Urlmuskip=\muskip11
Package: url 2013/09/16  ver 3.4  Verb mode for urls, etc.
)
(./Report_1June2017.aux)
\openout1 = `Report_1June2017.aux'.

LaTeX Font Info:    Checking defaults for OML/cmm/m/it on input line 11.
LaTeX Font Info:    ... okay on input line 11.
LaTeX Font Info:    Checking defaults for T1/cmr/m/n on input line 11.
LaTeX Font Info:    ... okay on input line 11.
LaTeX Font Info:    Checking defaults for OT1/cmr/m/n on input line 11.
LaTeX Font Info:    ... okay on input line 11.
LaTeX Font Info:    Checking defaults for OMS/cmsy/m/n on input line 11.
LaTeX Font Info:    ... okay on input line 11.
LaTeX Font Info:    Checking defaults for OMX/cmex/m/n on input line 11.
LaTeX Font Info:    ... okay on input line 11.
LaTeX Font Info:    Checking defaults for U/cmr/m/n on input line 11.
LaTeX Font Info:    ... okay on input line 11.

(/usr/local/texlive/2015/texmf-dist/tex/context/base/supp-pdf.mkii
[Loading MPS to PDF converter (version 2006.09.02).]
\scratchcounter=\count119
\scratchdimen=\dimen160
\scratchbox=\box39
\nofMPsegments=\count120
\nofMParguments=\count121
\everyMPshowfont=\toks32
\MPscratchCnt=\count122
\MPscratchDim=\dimen161
\MPnumerator=\count123
\makeMPintoPDFobject=\count124
\everyMPtoPDFconversion=\toks33
) ABD: EveryShipout initializing macros
(/usr/local/texlive/2015/texmf-dist/tex/generic/oberdiek/pdftexcmds.sty
Package: pdftexcmds 2011/11/29 v0.20 Utility functions of pdfTeX for LuaTeX (HO
)

(/usr/local/texlive/2015/texmf-dist/tex/generic/oberdiek/ifluatex.sty
Package: ifluatex 2010/03/01 v1.3 Provides the ifluatex switch (HO)
Package ifluatex Info: LuaTeX not detected.
)
(/usr/local/texlive/2015/texmf-dist/tex/generic/oberdiek/ifpdf.sty
Package: ifpdf 2011/01/30 v2.3 Provides the ifpdf switch (HO)
Package ifpdf Info: pdfTeX in PDF mode is detected.
)
Package pdftexcmds Info: LuaTeX not detected.
Package pdftexcmds Info: \pdf@primitive is available.
Package pdftexcmds Info: \pdf@ifprimitive is available.
Package pdftexcmds Info: \pdfdraftmode found.
)
(/usr/local/texlive/2015/texmf-dist/tex/latex/oberdiek/epstopdf-base.sty
Package: epstopdf-base 2010/02/09 v2.5 Base part for package epstopdf

(/usr/local/texlive/2015/texmf-dist/tex/latex/oberdiek/grfext.sty
Package: grfext 2010/08/19 v1.1 Manage graphics extensions (HO)

(/usr/local/texlive/2015/texmf-dist/tex/generic/oberdiek/kvdefinekeys.sty
Package: kvdefinekeys 2011/04/07 v1.3 Define keys (HO)
))
(/usr/local/texlive/2015/texmf-dist/tex/latex/oberdiek/kvoptions.sty
Package: kvoptions 2011/06/30 v3.11 Key value format for package options (HO)

(/usr/local/texlive/2015/texmf-dist/tex/generic/oberdiek/kvsetkeys.sty
Package: kvsetkeys 2012/04/25 v1.16 Key value parser (HO)

(/usr/local/texlive/2015/texmf-dist/tex/generic/oberdiek/etexcmds.sty
Package: etexcmds 2011/02/16 v1.5 Avoid name clashes with e-TeX commands (HO)
Package etexcmds Info: Could not find \expanded.
(etexcmds)             That can mean that you are not using pdfTeX 1.50 or
(etexcmds)             that some package has redefined \expanded.
(etexcmds)             In the latter case, load this package earlier.
)))
Package grfext Info: Graphics extension search list:
(grfext)             [.png,.pdf,.jpg,.mps,.jpeg,.jbig2,.jb2,.PNG,.PDF,.JPG,.JPE
G,.JBIG2,.JB2,.eps]
(grfext)             \AppendGraphicsExtensions on input line 452.

(/usr/local/texlive/2015/texmf-dist/tex/latex/latexconfig/epstopdf-sys.cfg
File: epstopdf-sys.cfg 2010/07/13 v1.3 Configuration of (r)epstopdf for TeX Liv
e
))
LaTeX Font Info:    Try loading font information for U+rsfs on input line 13.

(/usr/local/texlive/2015/texmf-dist/tex/latex/jknapltx/ursfs.fd
File: ursfs.fd 1998/03/24 rsfs font definition file (jk)
) [1

{/usr/local/texlive/2015/texmf-var/fonts/map/pdftex/updmap/pdftex.map}]
(./Report_1June2017.toc)
\tf@toc=\write4
\openout4 = `Report_1June2017.toc'.

 [2] [3] [4] [5] [6] [7]
Package epstopdf Info: Source file: <strip.eps>
(epstopdf)                    date: 2017-05-31 16:36:14
(epstopdf)                    size: 1356370 bytes
(epstopdf)             Output file: <strip-eps-converted-to.pdf>
(epstopdf)                    date: 2017-05-31 16:36:16
(epstopdf)                    size: 342160 bytes
(epstopdf)             Command: <repstopdf --outfile=strip-eps-converted-to.pdf
 strip.eps>
(epstopdf)             \includegraphics on input line 91.
Package epstopdf Info: Output file is already uptodate.

<strip-eps-converted-to.pdf, id=44, 716.6775pt x 223.83624pt>
File: strip-eps-converted-to.pdf Graphic file (type pdf)

<use strip-eps-converted-to.pdf>
Package pdftex.def Info: strip-eps-converted-to.pdf used on input line 91.
(pdftex.def)             Requested size: 390.0pt x 121.80902pt.
 [8 <./strip-eps-converted-to.pdf>]
Package epstopdf Info: Source file: <sc_gna.eps>
(epstopdf)                    date: 2017-05-31 16:54:27
(epstopdf)                    size: 1360431 bytes
(epstopdf)             Output file: <sc_gna-eps-converted-to.pdf>
(epstopdf)                    date: 2017-05-31 16:55:05
(epstopdf)                    size: 335677 bytes
(epstopdf)             Command: <repstopdf --outfile=sc_gna-eps-converted-to.pd
f sc_gna.eps>
(epstopdf)             \includegraphics on input line 103.
Package epstopdf Info: Output file is already uptodate.

<sc_gna-eps-converted-to.pdf, id=63, 716.6775pt x 223.83624pt>
File: sc_gna-eps-converted-to.pdf Graphic file (type pdf)

<use sc_gna-eps-converted-to.pdf>
Package pdftex.def Info: sc_gna-eps-converted-to.pdf used on input line 103.
(pdftex.def)             Requested size: 390.0pt x 121.80902pt.
Package epstopdf Info: Source file: <sc_gcal.eps>
(epstopdf)                    date: 2017-05-31 16:54:11
(epstopdf)                    size: 1361493 bytes
(epstopdf)             Output file: <sc_gcal-eps-converted-to.pdf>
(epstopdf)                    date: 2017-05-31 16:55:06
(epstopdf)                    size: 333561 bytes
(epstopdf)             Command: <repstopdf --outfile=sc_gcal-eps-converted-to.p
df sc_gcal.eps>
(epstopdf)             \includegraphics on input line 104.
Package epstopdf Info: Output file is already uptodate.

<sc_gcal-eps-converted-to.pdf, id=65, 716.6775pt x 223.83624pt>
File: sc_gcal-eps-converted-to.pdf Graphic file (type pdf)

<use sc_gcal-eps-converted-to.pdf>
Package pdftex.def Info: sc_gcal-eps-converted-to.pdf used on input line 104.
(pdftex.def)             Requested size: 390.0pt x 121.80902pt.
Package epstopdf Info: Source file: <sc_gkr.eps>
(epstopdf)                    date: 2017-05-31 16:53:51
(epstopdf)                    size: 1359891 bytes
(epstopdf)             Output file: <sc_gkr-eps-converted-to.pdf>
(epstopdf)                    date: 2017-05-31 16:55:07
(epstopdf)                    size: 336988 bytes
(epstopdf)             Command: <repstopdf --outfile=sc_gkr-eps-converted-to.pd
f sc_gkr.eps>
(epstopdf)             \includegraphics on input line 105.
Package epstopdf Info: Output file is already uptodate.

<sc_gkr-eps-converted-to.pdf, id=67, 716.6775pt x 223.83624pt>
File: sc_gkr-eps-converted-to.pdf Graphic file (type pdf)

<use sc_gkr-eps-converted-to.pdf>
Package pdftex.def Info: sc_gkr-eps-converted-to.pdf used on input line 105.
(pdftex.def)             Requested size: 390.0pt x 121.80902pt.
Package epstopdf Info: Source file: <sc_gk1.eps>
(epstopdf)                    date: 2017-05-31 16:54:01
(epstopdf)                    size: 1360242 bytes
(epstopdf)             Output file: <sc_gk1-eps-converted-to.pdf>
(epstopdf)                    date: 2017-05-31 16:55:08
(epstopdf)                    size: 336557 bytes
(epstopdf)             Command: <repstopdf --outfile=sc_gk1-eps-converted-to.pd
f sc_gk1.eps>
(epstopdf)             \includegraphics on input line 106.
Package epstopdf Info: Output file is already uptodate.

<sc_gk1-eps-converted-to.pdf, id=69, 716.6775pt x 223.83624pt>
File: sc_gk1-eps-converted-to.pdf Graphic file (type pdf)

<use sc_gk1-eps-converted-to.pdf>
Package pdftex.def Info: sc_gk1-eps-converted-to.pdf used on input line 106.
(pdftex.def)             Requested size: 390.0pt x 121.80902pt.
Package epstopdf Info: Source file: <sc_gks.eps>
(epstopdf)                    date: 2017-05-31 16:53:20
(epstopdf)                    size: 1360283 bytes
(epstopdf)             Output file: <sc_gks-eps-converted-to.pdf>
(epstopdf)                    date: 2017-05-31 16:55:08
(epstopdf)                    size: 336167 bytes
(epstopdf)             Command: <repstopdf --outfile=sc_gks-eps-converted-to.pd
f sc_gks.eps>
(epstopdf)             \includegraphics on input line 112.
Package epstopdf Info: Output file is already uptodate.

<sc_gks-eps-converted-to.pdf, id=71, 716.6775pt x 223.83624pt>
File: sc_gks-eps-converted-to.pdf Graphic file (type pdf)

<use sc_gks-eps-converted-to.pdf>
Package pdftex.def Info: sc_gks-eps-converted-to.pdf used on input line 112.
(pdftex.def)             Requested size: 390.0pt x 121.80902pt.
Package epstopdf Info: Source file: <sc_gf.eps>
(epstopdf)                    date: 2017-05-31 16:53:30
(epstopdf)                    size: 1359965 bytes
(epstopdf)             Output file: <sc_gf-eps-converted-to.pdf>
(epstopdf)                    date: 2017-05-31 16:55:09
(epstopdf)                    size: 335478 bytes
(epstopdf)             Command: <repstopdf --outfile=sc_gf-eps-converted-to.pdf
 sc_gf.eps>
(epstopdf)             \includegraphics on input line 113.
Package epstopdf Info: Output file is already uptodate.

<sc_gf-eps-converted-to.pdf, id=73, 716.6775pt x 223.83624pt>
File: sc_gf-eps-converted-to.pdf Graphic file (type pdf)

<use sc_gf-eps-converted-to.pdf>
Package pdftex.def Info: sc_gf-eps-converted-to.pdf used on input line 113.
(pdftex.def)             Requested size: 390.0pt x 121.80902pt.
Package epstopdf Info: Source file: <sc_gto.eps>
(epstopdf)                    date: 2017-05-31 16:53:39
(epstopdf)                    size: 1360020 bytes
(epstopdf)             Output file: <sc_gto-eps-converted-to.pdf>
(epstopdf)                    date: 2017-05-31 16:55:10
(epstopdf)                    size: 335771 bytes
(epstopdf)             Command: <repstopdf --outfile=sc_gto-eps-converted-to.pd
f sc_gto.eps>
(epstopdf)             \includegraphics on input line 114.
Package epstopdf Info: Output file is already uptodate.

<sc_gto-eps-converted-to.pdf, id=75, 716.6775pt x 223.83624pt>
File: sc_gto-eps-converted-to.pdf Graphic file (type pdf)

<use sc_gto-eps-converted-to.pdf>
Package pdftex.def Info: sc_gto-eps-converted-to.pdf used on input line 114.
(pdftex.def)             Requested size: 390.0pt x 121.80902pt.
Package epstopdf Info: Source file: <sc_amplitude.eps>
(epstopdf)                    date: 2017-05-31 16:58:34
(epstopdf)                    size: 250681 bytes
(epstopdf)             Output file: <sc_amplitude-eps-converted-to.pdf>
(epstopdf)                    date: 2017-05-31 16:58:58
(epstopdf)                    size: 11204 bytes
(epstopdf)             Command: <repstopdf --outfile=sc_amplitude-eps-converted
-to.pdf sc_amplitude.eps>
(epstopdf)             \includegraphics on input line 120.
Package epstopdf Info: Output file is already uptodate.

<sc_amplitude-eps-converted-to.pdf, id=77, 903.375pt x 223.83624pt>
File: sc_amplitude-eps-converted-to.pdf Graphic file (type pdf)

<use sc_amplitude-eps-converted-to.pdf>
Package pdftex.def Info: sc_amplitude-eps-converted-to.pdf used on input line 1
20.
(pdftex.def)             Requested size: 390.0pt x 106.7161pt.
Package epstopdf Info: Source file: <sc_v_max.eps>
(epstopdf)                    date: 2017-05-31 16:58:21
(epstopdf)                    size: 169583 bytes
(epstopdf)             Output file: <sc_v_max-eps-converted-to.pdf>
(epstopdf)                    date: 2017-05-31 16:58:58
(epstopdf)                    size: 9863 bytes
(epstopdf)             Command: <repstopdf --outfile=sc_v_max-eps-converted-to.
pdf sc_v_max.eps>
(epstopdf)             \includegraphics on input line 121.
Package epstopdf Info: Output file is already uptodate.

<sc_v_max-eps-converted-to.pdf, id=79, 903.375pt x 223.83624pt>
File: sc_v_max-eps-converted-to.pdf Graphic file (type pdf)

<use sc_v_max-eps-converted-to.pdf>
Package pdftex.def Info: sc_v_max-eps-converted-to.pdf used on input line 121.
(pdftex.def)             Requested size: 390.0pt x 106.7161pt.

Overfull \hbox (19.67358pt too wide) in paragraph at lines 120--122
[]\OT1/cmr/bx/n/12 (a) []
 []


Overfull \hbox (20.61108pt too wide) in paragraph at lines 120--122
\OT1/cmr/bx/n/12 (b) [] 
 []

Package epstopdf Info: Source file: <sc_30p.eps>
(epstopdf)                    date: 2017-05-31 16:57:35
(epstopdf)                    size: 106855 bytes
(epstopdf)             Output file: <sc_30p-eps-converted-to.pdf>
(epstopdf)                    date: 2017-05-31 16:58:59
(epstopdf)                    size: 8420 bytes
(epstopdf)             Command: <repstopdf --outfile=sc_30p-eps-converted-to.pd
f sc_30p.eps>
(epstopdf)             \includegraphics on input line 127.
Package epstopdf Info: Output file is already uptodate.
<sc_30p-eps-converted-to.pdf, id=81, 903.375pt x 223.83624pt>
File: sc_30p-eps-converted-to.pdf Graphic file (type pdf)

<use sc_30p-eps-converted-to.pdf>
Package pdftex.def Info: sc_30p-eps-converted-to.pdf used on input line 127.
(pdftex.def)             Requested size: 390.0pt x 106.7161pt.
Package epstopdf Info: Source file: <sc_50p.eps>
(epstopdf)                    date: 2017-05-31 16:57:46
(epstopdf)                    size: 105815 bytes
(epstopdf)             Output file: <sc_50p-eps-converted-to.pdf>
(epstopdf)                    date: 2017-05-31 16:58:59
(epstopdf)                    size: 8300 bytes
(epstopdf)             Command: <repstopdf --outfile=sc_50p-eps-converted-to.pd
f sc_50p.eps>
(epstopdf)             \includegraphics on input line 128.
Package epstopdf Info: Output file is already uptodate.

<sc_50p-eps-converted-to.pdf, id=83, 903.375pt x 223.83624pt>
File: sc_50p-eps-converted-to.pdf Graphic file (type pdf)

<use sc_50p-eps-converted-to.pdf>
Package pdftex.def Info: sc_50p-eps-converted-to.pdf used on input line 128.
(pdftex.def)             Requested size: 390.0pt x 106.7161pt.
Package epstopdf Info: Source file: <sc_70p.eps>
(epstopdf)                    date: 2017-05-31 16:57:57
(epstopdf)                    size: 106279 bytes
(epstopdf)             Output file: <sc_70p-eps-converted-to.pdf>
(epstopdf)                    date: 2017-05-31 16:59:00
(epstopdf)                    size: 8416 bytes
(epstopdf)             Command: <repstopdf --outfile=sc_70p-eps-converted-to.pd
f sc_70p.eps>
(epstopdf)             \includegraphics on input line 129.
Package epstopdf Info: Output file is already uptodate.

<sc_70p-eps-converted-to.pdf, id=85, 903.375pt x 223.83624pt>
File: sc_70p-eps-converted-to.pdf Graphic file (type pdf)

<use sc_70p-eps-converted-to.pdf>
Package pdftex.def Info: sc_70p-eps-converted-to.pdf used on input line 129.
(pdftex.def)             Requested size: 390.0pt x 106.7161pt.
Package epstopdf Info: Source file: <sc_90p.eps>
(epstopdf)                    date: 2017-05-31 16:58:07
(epstopdf)                    size: 106865 bytes
(epstopdf)             Output file: <sc_90p-eps-converted-to.pdf>
(epstopdf)                    date: 2017-05-31 16:59:00
(epstopdf)                    size: 8584 bytes
(epstopdf)             Command: <repstopdf --outfile=sc_90p-eps-converted-to.pd
f sc_90p.eps>
(epstopdf)             \includegraphics on input line 130.
Package epstopdf Info: Output file is already uptodate.

<sc_90p-eps-converted-to.pdf, id=87, 903.375pt x 223.83624pt>
File: sc_90p-eps-converted-to.pdf Graphic file (type pdf)

<use sc_90p-eps-converted-to.pdf>
Package pdftex.def Info: sc_90p-eps-converted-to.pdf used on input line 130.
(pdftex.def)             Requested size: 390.0pt x 106.7161pt.

Overfull \hbox (19.67358pt too wide) in paragraph at lines 127--131
[]\OT1/cmr/bx/n/12 (a) []
 []


Overfull \hbox (20.61108pt too wide) in paragraph at lines 127--131
\OT1/cmr/bx/n/12 (b) []
 []


Overfull \hbox (19.11108pt too wide) in paragraph at lines 127--131
\OT1/cmr/bx/n/12 (c) []
 []


Overfull \hbox (20.61108pt too wide) in paragraph at lines 127--131
\OT1/cmr/bx/n/12 (d) [] 
 []

<legend_cai.png, id=89, 558.085pt x 474.77374pt>
File: legend_cai.png Graphic file (type png)
 <use legend_cai.png>
Package pdftex.def Info: legend_cai.png used on input line 142.
(pdftex.def)             Requested size: 195.0pt x 36.64891pt.

<cai_gna.png, id=91, 558.085pt x 474.77374pt>
File: cai_gna.png Graphic file (type png)
 <use cai_gna.png>
Package pdftex.def Info: cai_gna.png used on input line 143.
(pdftex.def)             Requested size: 195.0pt x 165.89076pt.

<legend_v2.png, id=93, 558.085pt x 474.77374pt>
File: legend_v2.png Graphic file (type png)
 <use legend_v2.png>
Package pdftex.def Info: legend_v2.png used on input line 146.
(pdftex.def)             Requested size: 195.0pt x 36.64891pt.

<v_gna.png, id=95, 558.085pt x 474.77374pt>
File: v_gna.png Graphic file (type png)
 <use v_gna.png>
Package pdftex.def Info: v_gna.png used on input line 147.
(pdftex.def)             Requested size: 195.0pt x 165.89076pt.

Overfull \hbox (2.61108pt too wide) in paragraph at lines 141--149
[]$[]$ $[]$ 
 []

File: legend_cai.png Graphic file (type png)
<use legend_cai.png>
Package pdftex.def Info: legend_cai.png used on input line 155.
(pdftex.def)             Requested size: 195.0pt x 36.64891pt.
 <cai_gcal.png, id=98, 558.085pt x 474.77374pt>
File: cai_gcal.png Graphic file (type png)

<use cai_gcal.png>
Package pdftex.def Info: cai_gcal.png used on input line 156.
(pdftex.def)             Requested size: 195.0pt x 165.89076pt.
File: legend_v2.png Graphic file (type png)
 <use legend_v2.png>
Package pdftex.def Info: legend_v2.png used on input line 159.
(pdftex.def)             Requested size: 195.0pt x 36.64891pt.

<v_gcal.png, id=101, 558.085pt x 474.77374pt>
File: v_gcal.png Graphic file (type png)
 <use v_gcal.png>
Package pdftex.def Info: v_gcal.png used on input line 160.
(pdftex.def)             Requested size: 195.0pt x 165.89076pt.

Overfull \hbox (2.61108pt too wide) in paragraph at lines 154--162
[]$[]$ $[]$ 
 []

File: legend_cai.png Graphic file (type png)
<use legend_cai.png>
Package pdftex.def Info: legend_cai.png used on input line 168.
(pdftex.def)             Requested size: 195.0pt x 36.64891pt.
 <cai_gkr.png, id=104, 558.085pt x 474.77374pt>
File: cai_gkr.png Graphic file (type png)

<use cai_gkr.png>
Package pdftex.def Info: cai_gkr.png used on input line 169.
(pdftex.def)             Requested size: 195.0pt x 165.89076pt.
File: legend_v2.png Graphic file (type png)
 <use legend_v2.png>
Package pdftex.def Info: legend_v2.png used on input line 172.
(pdftex.def)             Requested size: 195.0pt x 36.64891pt.

<v_gkr.png, id=107, 558.085pt x 474.77374pt>
File: v_gkr.png Graphic file (type png)
 <use v_gkr.png>
Package pdftex.def Info: v_gkr.png used on input line 173.
(pdftex.def)             Requested size: 195.0pt x 165.89076pt.

Overfull \hbox (2.61108pt too wide) in paragraph at lines 167--175
[]$[]$ $[]$ 
 []

File: legend_cai.png Graphic file (type png)
<use legend_cai.png>
Package pdftex.def Info: legend_cai.png used on input line 181.
(pdftex.def)             Requested size: 195.0pt x 36.64891pt.
 <cai_gk1.png, id=110, 558.085pt x 474.77374pt>
File: cai_gk1.png Graphic file (type png)

<use cai_gk1.png>
Package pdftex.def Info: cai_gk1.png used on input line 182.
(pdftex.def)             Requested size: 195.0pt x 165.89076pt.
File: legend_v2.png Graphic file (type png)
 <use legend_v2.png>
Package pdftex.def Info: legend_v2.png used on input line 185.
(pdftex.def)             Requested size: 195.0pt x 36.64891pt.

<v_gk1.png, id=113, 558.085pt x 474.77374pt>
File: v_gk1.png Graphic file (type png)
 <use v_gk1.png>
Package pdftex.def Info: v_gk1.png used on input line 186.
(pdftex.def)             Requested size: 195.0pt x 165.89076pt.

Overfull \hbox (2.61108pt too wide) in paragraph at lines 180--188
[]$[]$ $[]$ 
 []

Package epstopdf Info: Source file: <sc_functional_values.eps>
(epstopdf)                    date: 2017-05-31 17:59:26
(epstopdf)                    size: 323052 bytes
(epstopdf)             Output file: <sc_functional_values-eps-converted-to.pdf>

(epstopdf)                    date: 2017-05-31 17:59:30
(epstopdf)                    size: 24780 bytes
(epstopdf)             Command: <repstopdf --outfile=sc_functional_values-eps-c
onverted-to.pdf sc_functional_values.eps>
(epstopdf)             \includegraphics on input line 197.
Package epstopdf Info: Output file is already uptodate.
<sc_functional_values-eps-converted-to.pdf, id=115, 716.6775pt x 638.385pt>
File: sc_functional_values-eps-converted-to.pdf Graphic file (type pdf)

<use sc_functional_values-eps-converted-to.pdf>
Package pdftex.def Info: sc_functional_values-eps-converted-to.pdf used on inpu
t line 197.
(pdftex.def)             Requested size: 390.0pt x 331.91788pt.
Package epstopdf Info: Source file: <sc_functional_values2.eps>
(epstopdf)                    date: 2017-05-31 17:59:17
(epstopdf)                    size: 289062 bytes
(epstopdf)             Output file: <sc_functional_values2-eps-converted-to.pdf
>
(epstopdf)                    date: 2017-05-31 17:59:30
(epstopdf)                    size: 15789 bytes
(epstopdf)             Command: <repstopdf --outfile=sc_functional_values2-eps-
converted-to.pdf sc_functional_values2.eps>
(epstopdf)             \includegraphics on input line 198.
Package epstopdf Info: Output file is already uptodate.

<sc_functional_values2-eps-converted-to.pdf, id=117, 716.6775pt x 400.49625pt>
File: sc_functional_values2-eps-converted-to.pdf Graphic file (type pdf)

<use sc_functional_values2-eps-converted-to.pdf>
Package pdftex.def Info: sc_functional_values2-eps-converted-to.pdf used on inp
ut line 198.
(pdftex.def)             Requested size: 390.0pt x 186.978pt.
Package epstopdf Info: Source file: <functional_values.eps>
(epstopdf)                    date: 2017-05-30 21:28:03
(epstopdf)                    size: 321715 bytes
(epstopdf)             Output file: <functional_values-eps-converted-to.pdf>
(epstopdf)                    date: 2017-05-30 21:28:07
(epstopdf)                    size: 24812 bytes
(epstopdf)             Command: <repstopdf --outfile=functional_values-eps-conv
erted-to.pdf functional_values.eps>
(epstopdf)             \includegraphics on input line 204.
Package epstopdf Info: Output file is already uptodate.

<functional_values-eps-converted-to.pdf, id=119, 716.6775pt x 643.40375pt>
File: functional_values-eps-converted-to.pdf Graphic file (type pdf)

<use functional_values-eps-converted-to.pdf>
Package pdftex.def Info: functional_values-eps-converted-to.pdf used on input l
ine 204.
(pdftex.def)             Requested size: 390.0pt x 334.64903pt.
Package epstopdf Info: Source file: <functional_values2.eps>
(epstopdf)                    date: 2017-05-30 21:27:49
(epstopdf)                    size: 313131 bytes
(epstopdf)             Output file: <functional_values2-eps-converted-to.pdf>
(epstopdf)                    date: 2017-05-30 21:28:07
(epstopdf)                    size: 18678 bytes
(epstopdf)             Command: <repstopdf --outfile=functional_values2-eps-con
verted-to.pdf functional_values2.eps>
(epstopdf)             \includegraphics on input line 205.
Package epstopdf Info: Output file is already uptodate.

<functional_values2-eps-converted-to.pdf, id=121, 716.6775pt x 400.49625pt>
File: functional_values2-eps-converted-to.pdf Graphic file (type pdf)

<use functional_values2-eps-converted-to.pdf>
Package pdftex.def Info: functional_values2-eps-converted-to.pdf used on input 
line 205.
(pdftex.def)             Requested size: 390.0pt x 186.978pt.
Package epstopdf Info: Source file: <J2_functional_evaluations.eps>
(epstopdf)                    date: 2017-06-01 11:34:25
(epstopdf)                    size: 319235 bytes
(epstopdf)             Output file: <J2_functional_evaluations-eps-converted-to
.pdf>
(epstopdf)                    date: 2017-06-01 11:34:54
(epstopdf)                    size: 24771 bytes
(epstopdf)             Command: <repstopdf --outfile=J2_functional_evaluations-
eps-converted-to.pdf J2_functional_evaluations.eps>
(epstopdf)             \includegraphics on input line 211.
Package epstopdf Info: Output file is already uptodate.

<J2_functional_evaluations-eps-converted-to.pdf, id=123, 716.6775pt x 641.39626
pt>
File: J2_functional_evaluations-eps-converted-to.pdf Graphic file (type pdf)
 <use J2_functional_evaluations-eps-converted-to.pdf>
Package pdftex.def Info: J2_functional_evaluations-eps-converted-to.pdf used on
 input line 211.
(pdftex.def)             Requested size: 390.0pt x 209.68736pt.
Package epstopdf Info: Source file: <J2_functional_values2.eps>
(epstopdf)                    date: 2017-06-01 11:00:00
(epstopdf)                    size: 403282 bytes
(epstopdf)             Output file: <J2_functional_values2-eps-converted-to.pdf
>
(epstopdf)                    date: 2017-06-01 11:00:27
(epstopdf)                    size: 27795 bytes
(epstopdf)             Command: <repstopdf --outfile=J2_functional_values2-eps-
converted-to.pdf J2_functional_values2.eps>
(epstopdf)             \includegraphics on input line 212.
Package epstopdf Info: Output file is already uptodate.

<J2_functional_values2-eps-converted-to.pdf, id=125, 716.6775pt x 645.41125pt>
File: J2_functional_values2-eps-converted-to.pdf Graphic file (type pdf)

<use J2_functional_values2-eps-converted-to.pdf>
Package pdftex.def Info: J2_functional_values2-eps-converted-to.pdf used on inp
ut line 212.
(pdftex.def)             Requested size: 390.0pt x 320.25784pt.


LaTeX Warning: Float too large for page by 6.9452pt on input line 215.

Package epstopdf Info: Source file: <gcalgna.eps>
(epstopdf)                    date: 2017-06-01 11:28:56
(epstopdf)                    size: 489340 bytes
(epstopdf)             Output file: <gcalgna-eps-converted-to.pdf>
(epstopdf)                    date: 2017-06-01 11:29:02
(epstopdf)                    size: 14051 bytes
(epstopdf)             Command: <repstopdf --outfile=gcalgna-eps-converted-to.p
df gcalgna.eps>
(epstopdf)             \includegraphics on input line 229.
Package epstopdf Info: Output file is already uptodate.
<gcalgna-eps-converted-to.pdf, id=127, 1030.85126pt x 209.78375pt>
File: gcalgna-eps-converted-to.pdf Graphic file (type pdf)

<use gcalgna-eps-converted-to.pdf>
Package pdftex.def Info: gcalgna-eps-converted-to.pdf used on input line 229.
(pdftex.def)             Requested size: 390.0pt x 79.36653pt.
Package epstopdf Info: Source file: <gk1gna.eps>
(epstopdf)                    date: 2017-06-01 11:28:45
(epstopdf)                    size: 488589 bytes
(epstopdf)             Output file: <gk1gna-eps-converted-to.pdf>
(epstopdf)                    date: 2017-06-01 11:29:02
(epstopdf)                    size: 12793 bytes
(epstopdf)             Command: <repstopdf --outfile=gk1gna-eps-converted-to.pd
f gk1gna.eps>
(epstopdf)             \includegraphics on input line 230.
Package epstopdf Info: Output file is already uptodate.

<gk1gna-eps-converted-to.pdf, id=129, 1030.85126pt x 209.78375pt>
File: gk1gna-eps-converted-to.pdf Graphic file (type pdf)

<use gk1gna-eps-converted-to.pdf>
Package pdftex.def Info: gk1gna-eps-converted-to.pdf used on input line 230.
(pdftex.def)             Requested size: 390.0pt x 79.36653pt.
Package epstopdf Info: Source file: <gkrgna.eps>
(epstopdf)                    date: 2017-06-01 11:28:11
(epstopdf)                    size: 488400 bytes
(epstopdf)             Output file: <gkrgna-eps-converted-to.pdf>
(epstopdf)                    date: 2017-06-01 11:29:03
(epstopdf)                    size: 13539 bytes
(epstopdf)             Command: <repstopdf --outfile=gkrgna-eps-converted-to.pd
f gkrgna.eps>
(epstopdf)             \includegraphics on input line 231.
Package epstopdf Info: Output file is already uptodate.

<gkrgna-eps-converted-to.pdf, id=131, 1030.85126pt x 209.78375pt>
File: gkrgna-eps-converted-to.pdf Graphic file (type pdf)

<use gkrgna-eps-converted-to.pdf>
Package pdftex.def Info: gkrgna-eps-converted-to.pdf used on input line 231.
(pdftex.def)             Requested size: 390.0pt x 79.36653pt.
Package epstopdf Info: Source file: <gcalgkr.eps>
(epstopdf)                    date: 2017-06-01 11:28:00
(epstopdf)                    size: 488592 bytes
(epstopdf)             Output file: <gcalgkr-eps-converted-to.pdf>
(epstopdf)                    date: 2017-06-01 11:29:03
(epstopdf)                    size: 14206 bytes
(epstopdf)             Command: <repstopdf --outfile=gcalgkr-eps-converted-to.p
df gcalgkr.eps>
(epstopdf)             \includegraphics on input line 232.
Package epstopdf Info: Output file is already uptodate.

<gcalgkr-eps-converted-to.pdf, id=133, 1030.85126pt x 209.78375pt>
File: gcalgkr-eps-converted-to.pdf Graphic file (type pdf)

<use gcalgkr-eps-converted-to.pdf>
Package pdftex.def Info: gcalgkr-eps-converted-to.pdf used on input line 232.
(pdftex.def)             Requested size: 390.0pt x 79.36653pt.
Package epstopdf Info: Source file: <gcalgk1.eps>
(epstopdf)                    date: 2017-06-01 11:27:49
(epstopdf)                    size: 489344 bytes
(epstopdf)             Output file: <gcalgk1-eps-converted-to.pdf>
(epstopdf)                    date: 2017-06-01 11:29:04
(epstopdf)                    size: 14635 bytes
(epstopdf)             Command: <repstopdf --outfile=gcalgk1-eps-converted-to.p
df gcalgk1.eps>
(epstopdf)             \includegraphics on input line 233.
Package epstopdf Info: Output file is already uptodate.

<gcalgk1-eps-converted-to.pdf, id=135, 1030.85126pt x 209.78375pt>
File: gcalgk1-eps-converted-to.pdf Graphic file (type pdf)

<use gcalgk1-eps-converted-to.pdf>
Package pdftex.def Info: gcalgk1-eps-converted-to.pdf used on input line 233.
(pdftex.def)             Requested size: 390.0pt x 79.36653pt.
Package epstopdf Info: Source file: <gkrgk1.eps>
(epstopdf)                    date: 2017-06-01 11:27:36
(epstopdf)                    size: 488405 bytes
(epstopdf)             Output file: <gkrgk1-eps-converted-to.pdf>
(epstopdf)                    date: 2017-06-01 11:29:04
(epstopdf)                    size: 14699 bytes
(epstopdf)             Command: <repstopdf --outfile=gkrgk1-eps-converted-to.pd
f gkrgk1.eps>
(epstopdf)             \includegraphics on input line 234.
Package epstopdf Info: Output file is already uptodate.

<gkrgk1-eps-converted-to.pdf, id=137, 1030.85126pt x 209.78375pt>
File: gkrgk1-eps-converted-to.pdf Graphic file (type pdf)

<use gkrgk1-eps-converted-to.pdf>
Package pdftex.def Info: gkrgk1-eps-converted-to.pdf used on input line 234.
(pdftex.def)             Requested size: 390.0pt x 79.36653pt.
 [9] [10 <./sc_gna-eps-converted-to.pdf> <./sc_gcal-eps-converted-to.pdf> <./sc
_gkr-eps-converted-to.pdf> <./sc_gk1-eps-converted-to.pdf>] [11 <./sc_gks-eps-c
onverted-to.pdf> <./sc_gf-eps-converted-to.pdf> <./sc_gto-eps-converted-to.pdf>
]
Missing character: There is no ‚ in font cmr12!
Missing character: There is no Ä in font cmr12!
Missing character: There is no ì in font cmr12!
 [12 <./sc_amplitude-eps-converted-to.pdf> <./sc_v_max-eps-converted-to.pdf>] [
13 <./sc_30p-eps-converted-to.pdf> <./sc_50p-eps-converted-to.pdf> <./sc_70p-ep
s-converted-to.pdf> <./sc_90p-eps-converted-to.pdf>] [14 <./legend_cai.png (PNG
 copy)> <./cai_gna.png (PNG copy)> <./legend_v2.png (PNG copy)> <./v_gna.png (P
NG copy)> <./cai_gcal.png (PNG copy)> <./v_gcal.png (PNG copy)>] [15 <./cai_gkr
.png (PNG copy)> <./v_gkr.png (PNG copy)> <./cai_gk1.png (PNG copy)> <./v_gk1.p
ng (PNG copy)>] [16 <./sc_functional_values-eps-converted-to.pdf> <./sc_functio
nal_values2-eps-converted-to.pdf>] [17 <./functional_values-eps-converted-to.pd
f> <./functional_values2-eps-converted-to.pdf>] [18 <./J2_functional_evaluation
s-eps-converted-to.pdf> <./J2_functional_values2-eps-converted-to.pdf>]
Missing character: There is no ‚ in font cmr12!
Missing character: There is no Ä in font cmr12!
Missing character: There is no ì in font cmr12!
 [19] [20 <./gcalgna-eps-converted-to.pdf> <./gk1gna-eps-converted-to.pdf> <./g
krgna-eps-converted-to.pdf> <./gcalgkr-eps-converted-to.pdf> <./gcalgk1-eps-con
verted-to.pdf> <./gkrgk1-eps-converted-to.pdf>]
Missing character: There is no ‚ in font cmr12!
Missing character: There is no Ä in font cmr12!
Missing character: There is no ê in font cmr12!

Underfull \hbox (badness 1990) in paragraph at lines 279--280
[]\OT1/cmr/m/n/12 Barr, & Plon-sey. (1984). Prop-a-ga-tion of ex-ci-ta-tion in 
ide-al-ized
 []

[21]
Package epstopdf Info: Source file: <strip_gna.eps>
(epstopdf)                    date: 2017-05-19 00:07:44
(epstopdf)                    size: 2474372 bytes
(epstopdf)             Output file: <strip_gna-eps-converted-to.pdf>
(epstopdf)                    date: 2017-05-19 09:21:19
(epstopdf)                    size: 622533 bytes
(epstopdf)             Command: <repstopdf --outfile=strip_gna-eps-converted-to
.pdf strip_gna.eps>
(epstopdf)             \includegraphics on input line 296.
Package epstopdf Info: Output file is already uptodate.
 <strip_gna-eps-converted-to.pdf, id=538, 903.375pt x 223.83624pt>
File: strip_gna-eps-converted-to.pdf Graphic file (type pdf)

<use strip_gna-eps-converted-to.pdf>
Package pdftex.def Info: strip_gna-eps-converted-to.pdf used on input line 296.

(pdftex.def)             Requested size: 390.0pt x 123.96417pt.
Package epstopdf Info: Source file: <strip_gcal.eps>
(epstopdf)                    date: 2017-05-19 00:07:33
(epstopdf)                    size: 2476627 bytes
(epstopdf)             Output file: <strip_gcal-eps-converted-to.pdf>
(epstopdf)                    date: 2017-05-19 09:21:20
(epstopdf)                    size: 623839 bytes
(epstopdf)             Command: <repstopdf --outfile=strip_gcal-eps-converted-t
o.pdf strip_gcal.eps>
(epstopdf)             \includegraphics on input line 297.
Package epstopdf Info: Output file is already uptodate.

<strip_gcal-eps-converted-to.pdf, id=540, 903.375pt x 223.83624pt>
File: strip_gcal-eps-converted-to.pdf Graphic file (type pdf)

<use strip_gcal-eps-converted-to.pdf>
Package pdftex.def Info: strip_gcal-eps-converted-to.pdf used on input line 297
.
(pdftex.def)             Requested size: 390.0pt x 123.96417pt.
Package epstopdf Info: Source file: <strip_gkr.eps>
(epstopdf)                    date: 2017-05-19 00:06:55
(epstopdf)                    size: 2473231 bytes
(epstopdf)             Output file: <strip_gkr-eps-converted-to.pdf>
(epstopdf)                    date: 2017-05-19 09:21:22
(epstopdf)                    size: 629011 bytes
(epstopdf)             Command: <repstopdf --outfile=strip_gkr-eps-converted-to
.pdf strip_gkr.eps>
(epstopdf)             \includegraphics on input line 298.
Package epstopdf Info: Output file is already uptodate.

<strip_gkr-eps-converted-to.pdf, id=542, 903.375pt x 223.83624pt>
File: strip_gkr-eps-converted-to.pdf Graphic file (type pdf)

<use strip_gkr-eps-converted-to.pdf>
Package pdftex.def Info: strip_gkr-eps-converted-to.pdf used on input line 298.

(pdftex.def)             Requested size: 390.0pt x 123.96417pt.
Package epstopdf Info: Source file: <strip_gk1.eps>
(epstopdf)                    date: 2017-05-19 00:07:08
(epstopdf)                    size: 2474033 bytes
(epstopdf)             Output file: <strip_gk1-eps-converted-to.pdf>
(epstopdf)                    date: 2017-05-19 09:21:23
(epstopdf)                    size: 641669 bytes
(epstopdf)             Command: <repstopdf --outfile=strip_gk1-eps-converted-to
.pdf strip_gk1.eps>
(epstopdf)             \includegraphics on input line 299.
Package epstopdf Info: Output file is already uptodate.

<strip_gk1-eps-converted-to.pdf, id=544, 903.375pt x 223.83624pt>
File: strip_gk1-eps-converted-to.pdf Graphic file (type pdf)

<use strip_gk1-eps-converted-to.pdf>
Package pdftex.def Info: strip_gk1-eps-converted-to.pdf used on input line 299.

(pdftex.def)             Requested size: 390.0pt x 123.96417pt.
Package epstopdf Info: Source file: <strip_gks.eps>
(epstopdf)                    date: 2017-05-19 00:06:41
(epstopdf)                    size: 2474176 bytes
(epstopdf)             Output file: <strip_gks-eps-converted-to.pdf>
(epstopdf)                    date: 2017-05-19 09:21:24
(epstopdf)                    size: 628007 bytes
(epstopdf)             Command: <repstopdf --outfile=strip_gks-eps-converted-to
.pdf strip_gks.eps>
(epstopdf)             \includegraphics on input line 305.
Package epstopdf Info: Output file is already uptodate.

<strip_gks-eps-converted-to.pdf, id=546, 903.375pt x 223.83624pt>
File: strip_gks-eps-converted-to.pdf Graphic file (type pdf)

<use strip_gks-eps-converted-to.pdf>
Package pdftex.def Info: strip_gks-eps-converted-to.pdf used on input line 305.

(pdftex.def)             Requested size: 390.0pt x 123.96417pt.
Package epstopdf Info: Source file: <strip_gf.eps>
(epstopdf)                    date: 2017-05-19 00:07:20
(epstopdf)                    size: 2473340 bytes
(epstopdf)             Output file: <strip_gf-eps-converted-to.pdf>
(epstopdf)                    date: 2017-05-19 09:21:25
(epstopdf)                    size: 631039 bytes
(epstopdf)             Command: <repstopdf --outfile=strip_gf-eps-converted-to.
pdf strip_gf.eps>
(epstopdf)             \includegraphics on input line 306.
Package epstopdf Info: Output file is already uptodate.

<strip_gf-eps-converted-to.pdf, id=548, 903.375pt x 223.83624pt>
File: strip_gf-eps-converted-to.pdf Graphic file (type pdf)

<use strip_gf-eps-converted-to.pdf>
Package pdftex.def Info: strip_gf-eps-converted-to.pdf used on input line 306.
(pdftex.def)             Requested size: 390.0pt x 123.96417pt.
Package epstopdf Info: Source file: <strip_gto.eps>
(epstopdf)                    date: 2017-05-19 00:06:29
(epstopdf)                    size: 2474092 bytes
(epstopdf)             Output file: <strip_gto-eps-converted-to.pdf>
(epstopdf)                    date: 2017-05-19 09:21:27
(epstopdf)                    size: 627799 bytes
(epstopdf)             Command: <repstopdf --outfile=strip_gto-eps-converted-to
.pdf strip_gto.eps>
(epstopdf)             \includegraphics on input line 307.
Package epstopdf Info: Output file is already uptodate.

<strip_gto-eps-converted-to.pdf, id=550, 903.375pt x 223.83624pt>
File: strip_gto-eps-converted-to.pdf Graphic file (type pdf)

<use strip_gto-eps-converted-to.pdf>
Package pdftex.def Info: strip_gto-eps-converted-to.pdf used on input line 307.

(pdftex.def)             Requested size: 390.0pt x 123.96417pt.
Package epstopdf Info: Source file: <strip_sigmat.eps>
(epstopdf)                    date: 2017-05-19 00:06:02
(epstopdf)                    size: 2473426 bytes
(epstopdf)             Output file: <strip_sigmat-eps-converted-to.pdf>
(epstopdf)                    date: 2017-05-19 09:21:28
(epstopdf)                    size: 631324 bytes
(epstopdf)             Command: <repstopdf --outfile=strip_sigmat-eps-converted
-to.pdf strip_sigmat.eps>
(epstopdf)             \includegraphics on input line 308.
Package epstopdf Info: Output file is already uptodate.

<strip_sigmat-eps-converted-to.pdf, id=552, 903.375pt x 223.83624pt>
File: strip_sigmat-eps-converted-to.pdf Graphic file (type pdf)

<use strip_sigmat-eps-converted-to.pdf>
Package pdftex.def Info: strip_sigmat-eps-converted-to.pdf used on input line 3
08.
(pdftex.def)             Requested size: 390.0pt x 123.96417pt.
Package epstopdf Info: Source file: <amplitude.eps>
(epstopdf)                    date: 2017-05-19 10:11:16
(epstopdf)                    size: 252597 bytes
(epstopdf)             Output file: <amplitude-eps-converted-to.pdf>
(epstopdf)                    date: 2017-05-21 21:30:00
(epstopdf)                    size: 12388 bytes
(epstopdf)             Command: <repstopdf --outfile=amplitude-eps-converted-to
.pdf amplitude.eps>
(epstopdf)             \includegraphics on input line 314.
Package epstopdf Info: Output file is already uptodate.

<amplitude-eps-converted-to.pdf, id=554, 903.375pt x 223.83624pt>
File: amplitude-eps-converted-to.pdf Graphic file (type pdf)

<use amplitude-eps-converted-to.pdf>
Package pdftex.def Info: amplitude-eps-converted-to.pdf used on input line 314.

(pdftex.def)             Requested size: 390.0pt x 106.7161pt.
Package epstopdf Info: Source file: <v_max.eps>
(epstopdf)                    date: 2017-05-19 10:11:05
(epstopdf)                    size: 252343 bytes
(epstopdf)             Output file: <v_max-eps-converted-to.pdf>
(epstopdf)                    date: 2017-05-21 21:30:00
(epstopdf)                    size: 10933 bytes
(epstopdf)             Command: <repstopdf --outfile=v_max-eps-converted-to.pdf
 v_max.eps>
(epstopdf)             \includegraphics on input line 315.
Package epstopdf Info: Output file is already uptodate.

<v_max-eps-converted-to.pdf, id=556, 903.375pt x 223.83624pt>
File: v_max-eps-converted-to.pdf Graphic file (type pdf)

<use v_max-eps-converted-to.pdf>
Package pdftex.def Info: v_max-eps-converted-to.pdf used on input line 315.
(pdftex.def)             Requested size: 390.0pt x 106.7161pt.
Package epstopdf Info: Source file: <v_c.eps>
(epstopdf)                    date: 2017-05-19 10:10:54
(epstopdf)                    size: 189431 bytes
(epstopdf)             Output file: <v_c-eps-converted-to.pdf>
(epstopdf)                    date: 2017-05-21 21:30:01
(epstopdf)                    size: 9660 bytes
(epstopdf)             Command: <repstopdf --outfile=v_c-eps-converted-to.pdf v
_c.eps>
(epstopdf)             \includegraphics on input line 316.
Package epstopdf Info: Output file is already uptodate.

<v_c-eps-converted-to.pdf, id=558, 903.375pt x 223.83624pt>
File: v_c-eps-converted-to.pdf Graphic file (type pdf)

<use v_c-eps-converted-to.pdf>
Package pdftex.def Info: v_c-eps-converted-to.pdf used on input line 316.
(pdftex.def)             Requested size: 390.0pt x 106.7161pt.

Overfull \hbox (19.67358pt too wide) in paragraph at lines 314--317
[]\OT1/cmr/bx/n/12 (a) []
 []


Overfull \hbox (20.61108pt too wide) in paragraph at lines 314--317
\OT1/cmr/bx/n/12 (b) []
 []


Overfull \hbox (19.11108pt too wide) in paragraph at lines 314--317
\OT1/cmr/bx/n/12 (c) [] 
 []

Package epstopdf Info: Source file: <30p.eps>
(epstopdf)                    date: 2017-05-19 10:09:47
(epstopdf)                    size: 190100 bytes
(epstopdf)             Output file: <30p-eps-converted-to.pdf>
(epstopdf)                    date: 2017-05-21 21:30:01
(epstopdf)                    size: 9614 bytes
(epstopdf)             Command: <repstopdf --outfile=30p-eps-converted-to.pdf 3
0p.eps>
(epstopdf)             \includegraphics on input line 322.
Package epstopdf Info: Output file is already uptodate.
<30p-eps-converted-to.pdf, id=560, 903.375pt x 223.83624pt>
File: 30p-eps-converted-to.pdf Graphic file (type pdf)

<use 30p-eps-converted-to.pdf>
Package pdftex.def Info: 30p-eps-converted-to.pdf used on input line 322.
(pdftex.def)             Requested size: 390.0pt x 106.7161pt.
Package epstopdf Info: Source file: <50p.eps>
(epstopdf)                    date: 2017-05-19 10:09:58
(epstopdf)                    size: 189072 bytes
(epstopdf)             Output file: <50p-eps-converted-to.pdf>
(epstopdf)                    date: 2017-05-21 21:30:02
(epstopdf)                    size: 9492 bytes
(epstopdf)             Command: <repstopdf --outfile=50p-eps-converted-to.pdf 5
0p.eps>
(epstopdf)             \includegraphics on input line 323.
Package epstopdf Info: Output file is already uptodate.

<50p-eps-converted-to.pdf, id=562, 903.375pt x 223.83624pt>
File: 50p-eps-converted-to.pdf Graphic file (type pdf)

<use 50p-eps-converted-to.pdf>
Package pdftex.def Info: 50p-eps-converted-to.pdf used on input line 323.
(pdftex.def)             Requested size: 390.0pt x 106.7161pt.
Package epstopdf Info: Source file: <70p.eps>
(epstopdf)                    date: 2017-05-19 10:10:16
(epstopdf)                    size: 189464 bytes
(epstopdf)             Output file: <70p-eps-converted-to.pdf>
(epstopdf)                    date: 2017-05-21 21:30:02
(epstopdf)                    size: 9611 bytes
(epstopdf)             Command: <repstopdf --outfile=70p-eps-converted-to.pdf 7
0p.eps>
(epstopdf)             \includegraphics on input line 324.
Package epstopdf Info: Output file is already uptodate.

<70p-eps-converted-to.pdf, id=564, 903.375pt x 223.83624pt>
File: 70p-eps-converted-to.pdf Graphic file (type pdf)

<use 70p-eps-converted-to.pdf>
Package pdftex.def Info: 70p-eps-converted-to.pdf used on input line 324.
(pdftex.def)             Requested size: 390.0pt x 106.7161pt.
Package epstopdf Info: Source file: <90p.eps>
(epstopdf)                    date: 2017-05-19 10:10:39
(epstopdf)                    size: 190126 bytes
(epstopdf)             Output file: <90p-eps-converted-to.pdf>
(epstopdf)                    date: 2017-05-21 21:30:03
(epstopdf)                    size: 9780 bytes
(epstopdf)             Command: <repstopdf --outfile=90p-eps-converted-to.pdf 9
0p.eps>
(epstopdf)             \includegraphics on input line 325.
Package epstopdf Info: Output file is already uptodate.

<90p-eps-converted-to.pdf, id=566, 903.375pt x 223.83624pt>
File: 90p-eps-converted-to.pdf Graphic file (type pdf)

<use 90p-eps-converted-to.pdf>
Package pdftex.def Info: 90p-eps-converted-to.pdf used on input line 325.
(pdftex.def)             Requested size: 390.0pt x 106.7161pt.

Overfull \hbox (19.67358pt too wide) in paragraph at lines 322--326
[]\OT1/cmr/bx/n/12 (a) []
 []


Overfull \hbox (20.61108pt too wide) in paragraph at lines 322--326
\OT1/cmr/bx/n/12 (b) []
 []


Overfull \hbox (19.11108pt too wide) in paragraph at lines 322--326
\OT1/cmr/bx/n/12 (c) []
 []


Overfull \hbox (20.61108pt too wide) in paragraph at lines 322--326
\OT1/cmr/bx/n/12 (d) [] 
 []

[22] [23 <./strip_gna-eps-converted-to.pdf> <./strip_gcal-eps-converted-to.pdf>
 <./strip_gkr-eps-converted-to.pdf> <./strip_gk1-eps-converted-to.pdf>]
[24 <./strip_gks-eps-converted-to.pdf> <./strip_gf-eps-converted-to.pdf> <./str
ip_gto-eps-converted-to.pdf> <./strip_sigmat-eps-converted-to.pdf>] [25 <./ampl
itude-eps-converted-to.pdf> <./v_max-eps-converted-to.pdf> <./v_c-eps-converted
-to.pdf>] [26 <./30p-eps-converted-to.pdf> <./50p-eps-converted-to.pdf> <./70p-
eps-converted-to.pdf> <./90p-eps-converted-to.pdf>] (./Report_1June2017.aux)

LaTeX Warning: Label(s) may have changed. Rerun to get cross-references right.

 ) 
Here is how much of TeX's memory you used:
 12325 strings out of 493089
 246889 string characters out of 6134841
 290553 words of memory out of 5000000
 15496 multiletter control sequences out of 15000+600000
 15387 words of font info for 58 fonts, out of 8000000 for 9000
 1141 hyphenation exceptions out of 8191
 55i,10n,54p,1629b,304s stack positions out of 5000i,500n,10000p,200000b,80000s
</usr/local/texlive/2015/texmf-dist/fonts/type1/public/amsfonts/cm/cmbx12.pfb
></usr/local/texlive/2015/texmf-dist/fonts/type1/public/amsfonts/cm/cmex10.pfb>
</usr/local/texlive/2015/texmf-dist/fonts/type1/public/amsfonts/cm/cmmi12.pfb><
/usr/local/texlive/2015/texmf-dist/fonts/type1/public/amsfonts/cm/cmmi6.pfb></u
sr/local/texlive/2015/texmf-dist/fonts/type1/public/amsfonts/cm/cmmi8.pfb></usr
/local/texlive/2015/texmf-dist/fonts/type1/public/amsfonts/cm/cmmib10.pfb></usr
/local/texlive/2015/texmf-dist/fonts/type1/public/amsfonts/cm/cmr10.pfb></usr/l
ocal/texlive/2015/texmf-dist/fonts/type1/public/amsfonts/cm/cmr12.pfb></usr/loc
al/texlive/2015/texmf-dist/fonts/type1/public/amsfonts/cm/cmr17.pfb></usr/local
/texlive/2015/texmf-dist/fonts/type1/public/amsfonts/cm/cmr6.pfb></usr/local/te
xlive/2015/texmf-dist/fonts/type1/public/amsfonts/cm/cmr7.pfb></usr/local/texli
ve/2015/texmf-dist/fonts/type1/public/amsfonts/cm/cmr8.pfb></usr/local/texlive/
2015/texmf-dist/fonts/type1/public/amsfonts/cm/cmsy10.pfb></usr/local/texlive/2
015/texmf-dist/fonts/type1/public/amsfonts/cm/cmti12.pfb></usr/local/texlive/20
15/texmf-dist/fonts/type1/public/amsfonts/cm/cmtt10.pfb></usr/local/texlive/201
5/texmf-dist/fonts/type1/public/amsfonts/cm/cmtt12.pfb>
Output written on Report_1June2017.pdf (26 pages, 8166808 bytes).
PDF statistics:
 879 PDF objects out of 1000 (max. 8388607)
 560 compressed objects within 6 object streams
 0 named destinations out of 1000 (max. 500000)
 604 words of extra memory for PDF output out of 10000 (max. 10000000)

