This is pdfTeX, Version 3.14159265-2.6-1.40.16 (TeX Live 2015) (preloaded format=pdflatex 2015.12.26)  30 MAY 2017 10:38
entering extended mode
 restricted \write18 enabled.
 %&-line parsing enabled.
**Notes_5Mei2017.tex
(./Notes_5Mei2017.tex
LaTeX2e <2015/01/01>
Babel <3.9l> and hyphenation patterns for 79 languages loaded.
(/usr/local/texlive/2015/texmf-dist/tex/latex/base/article.cls
Document Class: article 2014/09/29 v1.4h Standard LaTeX document class
(/usr/local/texlive/2015/texmf-dist/tex/latex/base/size12.clo
File: size12.clo 2014/09/29 v1.4h Standard LaTeX file (size option)
)
\c@part=\count79
\c@section=\count80
\c@subsection=\count81
\c@subsubsection=\count82
\c@paragraph=\count83
\c@subparagraph=\count84
\c@figure=\count85
\c@table=\count86
\abovecaptionskip=\skip41
\belowcaptionskip=\skip42
\bibindent=\dimen102
)
(/usr/local/texlive/2015/texmf-dist/tex/latex/amsmath/amsmath.sty
Package: amsmath 2013/01/14 v2.14 AMS math features
\@mathmargin=\skip43

For additional information on amsmath, use the `?' option.
(/usr/local/texlive/2015/texmf-dist/tex/latex/amsmath/amstext.sty
Package: amstext 2000/06/29 v2.01

(/usr/local/texlive/2015/texmf-dist/tex/latex/amsmath/amsgen.sty
File: amsgen.sty 1999/11/30 v2.0
\@emptytoks=\toks14
\ex@=\dimen103
))
(/usr/local/texlive/2015/texmf-dist/tex/latex/amsmath/amsbsy.sty
Package: amsbsy 1999/11/29 v1.2d
\pmbraise@=\dimen104
)
(/usr/local/texlive/2015/texmf-dist/tex/latex/amsmath/amsopn.sty
Package: amsopn 1999/12/14 v2.01 operator names
)
\inf@bad=\count87
LaTeX Info: Redefining \frac on input line 210.
\uproot@=\count88
\leftroot@=\count89
LaTeX Info: Redefining \overline on input line 306.
\classnum@=\count90
\DOTSCASE@=\count91
LaTeX Info: Redefining \ldots on input line 378.
LaTeX Info: Redefining \dots on input line 381.
LaTeX Info: Redefining \cdots on input line 466.
\Mathstrutbox@=\box26
\strutbox@=\box27
\big@size=\dimen105
LaTeX Font Info:    Redeclaring font encoding OML on input line 566.
LaTeX Font Info:    Redeclaring font encoding OMS on input line 567.
\macc@depth=\count92
\c@MaxMatrixCols=\count93
\dotsspace@=\muskip10
\c@parentequation=\count94
\dspbrk@lvl=\count95
\tag@help=\toks15
\row@=\count96
\column@=\count97
\maxfields@=\count98
\andhelp@=\toks16
\eqnshift@=\dimen106
\alignsep@=\dimen107
\tagshift@=\dimen108
\tagwidth@=\dimen109
\totwidth@=\dimen110
\lineht@=\dimen111
\@envbody=\toks17
\multlinegap=\skip44
\multlinetaggap=\skip45
\mathdisplay@stack=\toks18
LaTeX Info: Redefining \[ on input line 2665.
LaTeX Info: Redefining \] on input line 2666.
)
(/usr/local/texlive/2015/texmf-dist/tex/latex/jknapltx/mathrsfs.sty
Package: mathrsfs 1996/01/01 Math RSFS package v1.0 (jk)
\symrsfs=\mathgroup4
)
(/usr/local/texlive/2015/texmf-dist/tex/latex/graphics/color.sty
Package: color 2014/10/28 v1.1a Standard LaTeX Color (DPC)

(/usr/local/texlive/2015/texmf-dist/tex/latex/latexconfig/color.cfg
File: color.cfg 2007/01/18 v1.5 color configuration of teTeX/TeXLive
)
Package color Info: Driver file: pdftex.def on input line 142.

(/usr/local/texlive/2015/texmf-dist/tex/latex/pdftex-def/pdftex.def
File: pdftex.def 2011/05/27 v0.06d Graphics/color for pdfTeX

(/usr/local/texlive/2015/texmf-dist/tex/generic/oberdiek/infwarerr.sty
Package: infwarerr 2010/04/08 v1.3 Providing info/warning/error messages (HO)
)
(/usr/local/texlive/2015/texmf-dist/tex/generic/oberdiek/ltxcmds.sty
Package: ltxcmds 2011/11/09 v1.22 LaTeX kernel commands for general use (HO)
)
\Gread@gobject=\count99
))
(/usr/local/texlive/2015/texmf-dist/tex/latex/pgf/frontendlayer/tikz.sty
(/usr/local/texlive/2015/texmf-dist/tex/latex/pgf/basiclayer/pgf.sty
(/usr/local/texlive/2015/texmf-dist/tex/latex/pgf/utilities/pgfrcs.sty
(/usr/local/texlive/2015/texmf-dist/tex/generic/pgf/utilities/pgfutil-common.te
x
\pgfutil@everybye=\toks19
\pgfutil@tempdima=\dimen112
\pgfutil@tempdimb=\dimen113

(/usr/local/texlive/2015/texmf-dist/tex/generic/pgf/utilities/pgfutil-common-li
sts.tex))
(/usr/local/texlive/2015/texmf-dist/tex/generic/pgf/utilities/pgfutil-latex.def
\pgfutil@abb=\box28
(/usr/local/texlive/2015/texmf-dist/tex/latex/ms/everyshi.sty
Package: everyshi 2001/05/15 v3.00 EveryShipout Package (MS)
))
(/usr/local/texlive/2015/texmf-dist/tex/generic/pgf/utilities/pgfrcs.code.tex
Package: pgfrcs 2013/12/20 v3.0.0 (rcs-revision 1.28)
))
Package: pgf 2013/12/18 v3.0.0 (rcs-revision 1.14)
(/usr/local/texlive/2015/texmf-dist/tex/latex/pgf/basiclayer/pgfcore.sty
(/usr/local/texlive/2015/texmf-dist/tex/latex/graphics/graphicx.sty
Package: graphicx 2014/10/28 v1.0g Enhanced LaTeX Graphics (DPC,SPQR)

(/usr/local/texlive/2015/texmf-dist/tex/latex/graphics/keyval.sty
Package: keyval 2014/10/28 v1.15 key=value parser (DPC)
\KV@toks@=\toks20
)
(/usr/local/texlive/2015/texmf-dist/tex/latex/graphics/graphics.sty
Package: graphics 2014/10/28 v1.0p Standard LaTeX Graphics (DPC,SPQR)

(/usr/local/texlive/2015/texmf-dist/tex/latex/graphics/trig.sty
Package: trig 1999/03/16 v1.09 sin cos tan (DPC)
)
(/usr/local/texlive/2015/texmf-dist/tex/latex/latexconfig/graphics.cfg
File: graphics.cfg 2010/04/23 v1.9 graphics configuration of TeX Live
)
Package graphics Info: Driver file: pdftex.def on input line 94.
)
\Gin@req@height=\dimen114
\Gin@req@width=\dimen115
)
(/usr/local/texlive/2015/texmf-dist/tex/latex/pgf/systemlayer/pgfsys.sty
(/usr/local/texlive/2015/texmf-dist/tex/generic/pgf/systemlayer/pgfsys.code.tex
Package: pgfsys 2013/11/30 v3.0.0 (rcs-revision 1.47)
(/usr/local/texlive/2015/texmf-dist/tex/generic/pgf/utilities/pgfkeys.code.tex
\pgfkeys@pathtoks=\toks21
\pgfkeys@temptoks=\toks22

(/usr/local/texlive/2015/texmf-dist/tex/generic/pgf/utilities/pgfkeysfiltered.c
ode.tex
\pgfkeys@tmptoks=\toks23
))
\pgf@x=\dimen116
\pgf@y=\dimen117
\pgf@xa=\dimen118
\pgf@ya=\dimen119
\pgf@xb=\dimen120
\pgf@yb=\dimen121
\pgf@xc=\dimen122
\pgf@yc=\dimen123
\w@pgf@writea=\write3
\r@pgf@reada=\read1
\c@pgf@counta=\count100
\c@pgf@countb=\count101
\c@pgf@countc=\count102
\c@pgf@countd=\count103
\t@pgf@toka=\toks24
\t@pgf@tokb=\toks25
\t@pgf@tokc=\toks26

(/usr/local/texlive/2015/texmf-dist/tex/generic/pgf/systemlayer/pgf.cfg
File: pgf.cfg 2008/05/14  (rcs-revision 1.7)
)
Driver file for pgf: pgfsys-pdftex.def

(/usr/local/texlive/2015/texmf-dist/tex/generic/pgf/systemlayer/pgfsys-pdftex.d
ef
File: pgfsys-pdftex.def 2013/07/18  (rcs-revision 1.33)

(/usr/local/texlive/2015/texmf-dist/tex/generic/pgf/systemlayer/pgfsys-common-p
df.def
File: pgfsys-common-pdf.def 2013/10/10  (rcs-revision 1.13)
)))
(/usr/local/texlive/2015/texmf-dist/tex/generic/pgf/systemlayer/pgfsyssoftpath.
code.tex
File: pgfsyssoftpath.code.tex 2013/09/09  (rcs-revision 1.9)
\pgfsyssoftpath@smallbuffer@items=\count104
\pgfsyssoftpath@bigbuffer@items=\count105
)
(/usr/local/texlive/2015/texmf-dist/tex/generic/pgf/systemlayer/pgfsysprotocol.
code.tex
File: pgfsysprotocol.code.tex 2006/10/16  (rcs-revision 1.4)
)) (/usr/local/texlive/2015/texmf-dist/tex/latex/xcolor/xcolor.sty
Package: xcolor 2007/01/21 v2.11 LaTeX color extensions (UK)

(/usr/local/texlive/2015/texmf-dist/tex/latex/latexconfig/color.cfg
File: color.cfg 2007/01/18 v1.5 color configuration of teTeX/TeXLive
)
Package xcolor Info: Driver file: pdftex.def on input line 225.
LaTeX Info: Redefining \color on input line 702.
Package xcolor Info: Model `cmy' substituted by `cmy0' on input line 1337.
Package xcolor Info: Model `hsb' substituted by `rgb' on input line 1341.
Package xcolor Info: Model `RGB' extended on input line 1353.
Package xcolor Info: Model `HTML' substituted by `rgb' on input line 1355.
Package xcolor Info: Model `Hsb' substituted by `hsb' on input line 1356.
Package xcolor Info: Model `tHsb' substituted by `hsb' on input line 1357.
Package xcolor Info: Model `HSB' substituted by `hsb' on input line 1358.
Package xcolor Info: Model `Gray' substituted by `gray' on input line 1359.
Package xcolor Info: Model `wave' substituted by `hsb' on input line 1360.
)
(/usr/local/texlive/2015/texmf-dist/tex/generic/pgf/basiclayer/pgfcore.code.tex
Package: pgfcore 2010/04/11 v3.0.0 (rcs-revision 1.7)
(/usr/local/texlive/2015/texmf-dist/tex/generic/pgf/math/pgfmath.code.tex
(/usr/local/texlive/2015/texmf-dist/tex/generic/pgf/math/pgfmathcalc.code.tex
(/usr/local/texlive/2015/texmf-dist/tex/generic/pgf/math/pgfmathutil.code.tex)
(/usr/local/texlive/2015/texmf-dist/tex/generic/pgf/math/pgfmathparser.code.tex
\pgfmath@dimen=\dimen124
\pgfmath@count=\count106
\pgfmath@box=\box29
\pgfmath@toks=\toks27
\pgfmath@stack@operand=\toks28
\pgfmath@stack@operation=\toks29
)
(/usr/local/texlive/2015/texmf-dist/tex/generic/pgf/math/pgfmathfunctions.code.
tex
(/usr/local/texlive/2015/texmf-dist/tex/generic/pgf/math/pgfmathfunctions.basic
.code.tex)
(/usr/local/texlive/2015/texmf-dist/tex/generic/pgf/math/pgfmathfunctions.trigo
nometric.code.tex)
(/usr/local/texlive/2015/texmf-dist/tex/generic/pgf/math/pgfmathfunctions.rando
m.code.tex)
(/usr/local/texlive/2015/texmf-dist/tex/generic/pgf/math/pgfmathfunctions.compa
rison.code.tex)
(/usr/local/texlive/2015/texmf-dist/tex/generic/pgf/math/pgfmathfunctions.base.
code.tex)
(/usr/local/texlive/2015/texmf-dist/tex/generic/pgf/math/pgfmathfunctions.round
.code.tex)
(/usr/local/texlive/2015/texmf-dist/tex/generic/pgf/math/pgfmathfunctions.misc.
code.tex)
(/usr/local/texlive/2015/texmf-dist/tex/generic/pgf/math/pgfmathfunctions.integ
erarithmetics.code.tex)))
(/usr/local/texlive/2015/texmf-dist/tex/generic/pgf/math/pgfmathfloat.code.tex
\c@pgfmathroundto@lastzeros=\count107
))
(/usr/local/texlive/2015/texmf-dist/tex/generic/pgf/basiclayer/pgfcorepoints.co
de.tex
File: pgfcorepoints.code.tex 2013/10/07  (rcs-revision 1.27)
\pgf@picminx=\dimen125
\pgf@picmaxx=\dimen126
\pgf@picminy=\dimen127
\pgf@picmaxy=\dimen128
\pgf@pathminx=\dimen129
\pgf@pathmaxx=\dimen130
\pgf@pathminy=\dimen131
\pgf@pathmaxy=\dimen132
\pgf@xx=\dimen133
\pgf@xy=\dimen134
\pgf@yx=\dimen135
\pgf@yy=\dimen136
\pgf@zx=\dimen137
\pgf@zy=\dimen138
)
(/usr/local/texlive/2015/texmf-dist/tex/generic/pgf/basiclayer/pgfcorepathconst
ruct.code.tex
File: pgfcorepathconstruct.code.tex 2013/10/07  (rcs-revision 1.29)
\pgf@path@lastx=\dimen139
\pgf@path@lasty=\dimen140
)
(/usr/local/texlive/2015/texmf-dist/tex/generic/pgf/basiclayer/pgfcorepathusage
.code.tex
File: pgfcorepathusage.code.tex 2013/12/13  (rcs-revision 1.23)
\pgf@shorten@end@additional=\dimen141
\pgf@shorten@start@additional=\dimen142
)
(/usr/local/texlive/2015/texmf-dist/tex/generic/pgf/basiclayer/pgfcorescopes.co
de.tex
File: pgfcorescopes.code.tex 2013/10/09  (rcs-revision 1.44)
\pgfpic=\box30
\pgf@hbox=\box31
\pgf@layerbox@main=\box32
\pgf@picture@serial@count=\count108
)
(/usr/local/texlive/2015/texmf-dist/tex/generic/pgf/basiclayer/pgfcoregraphicst
ate.code.tex
File: pgfcoregraphicstate.code.tex 2013/09/19  (rcs-revision 1.11)
\pgflinewidth=\dimen143
)
(/usr/local/texlive/2015/texmf-dist/tex/generic/pgf/basiclayer/pgfcoretransform
ations.code.tex
File: pgfcoretransformations.code.tex 2013/10/10  (rcs-revision 1.17)
\pgf@pt@x=\dimen144
\pgf@pt@y=\dimen145
\pgf@pt@temp=\dimen146
)
(/usr/local/texlive/2015/texmf-dist/tex/generic/pgf/basiclayer/pgfcorequick.cod
e.tex
File: pgfcorequick.code.tex 2008/10/09  (rcs-revision 1.3)
)
(/usr/local/texlive/2015/texmf-dist/tex/generic/pgf/basiclayer/pgfcoreobjects.c
ode.tex
File: pgfcoreobjects.code.tex 2006/10/11  (rcs-revision 1.2)
)
(/usr/local/texlive/2015/texmf-dist/tex/generic/pgf/basiclayer/pgfcorepathproce
ssing.code.tex
File: pgfcorepathprocessing.code.tex 2013/09/09  (rcs-revision 1.9)
)
(/usr/local/texlive/2015/texmf-dist/tex/generic/pgf/basiclayer/pgfcorearrows.co
de.tex
File: pgfcorearrows.code.tex 2013/11/07  (rcs-revision 1.40)
\pgfarrowsep=\dimen147
)
(/usr/local/texlive/2015/texmf-dist/tex/generic/pgf/basiclayer/pgfcoreshade.cod
e.tex
File: pgfcoreshade.code.tex 2013/07/15  (rcs-revision 1.15)
\pgf@max=\dimen148
\pgf@sys@shading@range@num=\count109
)
(/usr/local/texlive/2015/texmf-dist/tex/generic/pgf/basiclayer/pgfcoreimage.cod
e.tex
File: pgfcoreimage.code.tex 2013/07/15  (rcs-revision 1.18)

(/usr/local/texlive/2015/texmf-dist/tex/generic/pgf/basiclayer/pgfcoreexternal.
code.tex
File: pgfcoreexternal.code.tex 2013/07/15  (rcs-revision 1.20)
\pgfexternal@startupbox=\box33
))
(/usr/local/texlive/2015/texmf-dist/tex/generic/pgf/basiclayer/pgfcorelayers.co
de.tex
File: pgfcorelayers.code.tex 2013/07/18  (rcs-revision 1.7)
)
(/usr/local/texlive/2015/texmf-dist/tex/generic/pgf/basiclayer/pgfcoretranspare
ncy.code.tex
File: pgfcoretransparency.code.tex 2013/09/30  (rcs-revision 1.5)
)
(/usr/local/texlive/2015/texmf-dist/tex/generic/pgf/basiclayer/pgfcorepatterns.
code.tex
File: pgfcorepatterns.code.tex 2013/11/07  (rcs-revision 1.5)
)))
(/usr/local/texlive/2015/texmf-dist/tex/generic/pgf/modules/pgfmoduleshapes.cod
e.tex
File: pgfmoduleshapes.code.tex 2013/10/31  (rcs-revision 1.34)
\pgfnodeparttextbox=\box34
)
(/usr/local/texlive/2015/texmf-dist/tex/generic/pgf/modules/pgfmoduleplot.code.
tex
File: pgfmoduleplot.code.tex 2013/07/31  (rcs-revision 1.12)
)
(/usr/local/texlive/2015/texmf-dist/tex/latex/pgf/compatibility/pgfcomp-version
-0-65.sty
Package: pgfcomp-version-0-65 2007/07/03 v3.0.0 (rcs-revision 1.7)
\pgf@nodesepstart=\dimen149
\pgf@nodesepend=\dimen150
)
(/usr/local/texlive/2015/texmf-dist/tex/latex/pgf/compatibility/pgfcomp-version
-1-18.sty
Package: pgfcomp-version-1-18 2007/07/23 v3.0.0 (rcs-revision 1.1)
))
(/usr/local/texlive/2015/texmf-dist/tex/latex/pgf/utilities/pgffor.sty
(/usr/local/texlive/2015/texmf-dist/tex/latex/pgf/utilities/pgfkeys.sty
(/usr/local/texlive/2015/texmf-dist/tex/generic/pgf/utilities/pgfkeys.code.tex)
) (/usr/local/texlive/2015/texmf-dist/tex/latex/pgf/math/pgfmath.sty
(/usr/local/texlive/2015/texmf-dist/tex/generic/pgf/math/pgfmath.code.tex))
(/usr/local/texlive/2015/texmf-dist/tex/generic/pgf/utilities/pgffor.code.tex
Package: pgffor 2013/12/13 v3.0.0 (rcs-revision 1.25)

(/usr/local/texlive/2015/texmf-dist/tex/generic/pgf/math/pgfmath.code.tex)
\pgffor@iter=\dimen151
\pgffor@skip=\dimen152
\pgffor@stack=\toks30
\pgffor@toks=\toks31
))
(/usr/local/texlive/2015/texmf-dist/tex/generic/pgf/frontendlayer/tikz/tikz.cod
e.tex
Package: tikz 2013/12/13 v3.0.0 (rcs-revision 1.142)

(/usr/local/texlive/2015/texmf-dist/tex/generic/pgf/libraries/pgflibraryplothan
dlers.code.tex
File: pgflibraryplothandlers.code.tex 2013/08/31 v3.0.0 (rcs-revision 1.20)
\pgf@plot@mark@count=\count110
\pgfplotmarksize=\dimen153
)
\tikz@lastx=\dimen154
\tikz@lasty=\dimen155
\tikz@lastxsaved=\dimen156
\tikz@lastysaved=\dimen157
\tikzleveldistance=\dimen158
\tikzsiblingdistance=\dimen159
\tikz@figbox=\box35
\tikz@figbox@bg=\box36
\tikz@tempbox=\box37
\tikz@tempbox@bg=\box38
\tikztreelevel=\count111
\tikznumberofchildren=\count112
\tikznumberofcurrentchild=\count113
\tikz@fig@count=\count114

(/usr/local/texlive/2015/texmf-dist/tex/generic/pgf/modules/pgfmodulematrix.cod
e.tex
File: pgfmodulematrix.code.tex 2013/09/17  (rcs-revision 1.8)
\pgfmatrixcurrentrow=\count115
\pgfmatrixcurrentcolumn=\count116
\pgf@matrix@numberofcolumns=\count117
)
\tikz@expandcount=\count118

(/usr/local/texlive/2015/texmf-dist/tex/generic/pgf/frontendlayer/tikz/librarie
s/tikzlibrarytopaths.code.tex
File: tikzlibrarytopaths.code.tex 2008/06/17 v3.0.0 (rcs-revision 1.2)
)))
(/usr/local/texlive/2015/texmf-dist/tex/latex/url/url.sty
\Urlmuskip=\muskip11
Package: url 2013/09/16  ver 3.4  Verb mode for urls, etc.
)
(./Notes_5Mei2017.aux)
\openout1 = `Notes_5Mei2017.aux'.

LaTeX Font Info:    Checking defaults for OML/cmm/m/it on input line 11.
LaTeX Font Info:    ... okay on input line 11.
LaTeX Font Info:    Checking defaults for T1/cmr/m/n on input line 11.
LaTeX Font Info:    ... okay on input line 11.
LaTeX Font Info:    Checking defaults for OT1/cmr/m/n on input line 11.
LaTeX Font Info:    ... okay on input line 11.
LaTeX Font Info:    Checking defaults for OMS/cmsy/m/n on input line 11.
LaTeX Font Info:    ... okay on input line 11.
LaTeX Font Info:    Checking defaults for OMX/cmex/m/n on input line 11.
LaTeX Font Info:    ... okay on input line 11.
LaTeX Font Info:    Checking defaults for U/cmr/m/n on input line 11.
LaTeX Font Info:    ... okay on input line 11.

(/usr/local/texlive/2015/texmf-dist/tex/context/base/supp-pdf.mkii
[Loading MPS to PDF converter (version 2006.09.02).]
\scratchcounter=\count119
\scratchdimen=\dimen160
\scratchbox=\box39
\nofMPsegments=\count120
\nofMParguments=\count121
\everyMPshowfont=\toks32
\MPscratchCnt=\count122
\MPscratchDim=\dimen161
\MPnumerator=\count123
\makeMPintoPDFobject=\count124
\everyMPtoPDFconversion=\toks33
) ABD: EveryShipout initializing macros
(/usr/local/texlive/2015/texmf-dist/tex/generic/oberdiek/pdftexcmds.sty
Package: pdftexcmds 2011/11/29 v0.20 Utility functions of pdfTeX for LuaTeX (HO
)

(/usr/local/texlive/2015/texmf-dist/tex/generic/oberdiek/ifluatex.sty
Package: ifluatex 2010/03/01 v1.3 Provides the ifluatex switch (HO)
Package ifluatex Info: LuaTeX not detected.
)
(/usr/local/texlive/2015/texmf-dist/tex/generic/oberdiek/ifpdf.sty
Package: ifpdf 2011/01/30 v2.3 Provides the ifpdf switch (HO)
Package ifpdf Info: pdfTeX in PDF mode is detected.
)
Package pdftexcmds Info: LuaTeX not detected.
Package pdftexcmds Info: \pdf@primitive is available.
Package pdftexcmds Info: \pdf@ifprimitive is available.
Package pdftexcmds Info: \pdfdraftmode found.
)
(/usr/local/texlive/2015/texmf-dist/tex/latex/oberdiek/epstopdf-base.sty
Package: epstopdf-base 2010/02/09 v2.5 Base part for package epstopdf

(/usr/local/texlive/2015/texmf-dist/tex/latex/oberdiek/grfext.sty
Package: grfext 2010/08/19 v1.1 Manage graphics extensions (HO)

(/usr/local/texlive/2015/texmf-dist/tex/generic/oberdiek/kvdefinekeys.sty
Package: kvdefinekeys 2011/04/07 v1.3 Define keys (HO)
))
(/usr/local/texlive/2015/texmf-dist/tex/latex/oberdiek/kvoptions.sty
Package: kvoptions 2011/06/30 v3.11 Key value format for package options (HO)

(/usr/local/texlive/2015/texmf-dist/tex/generic/oberdiek/kvsetkeys.sty
Package: kvsetkeys 2012/04/25 v1.16 Key value parser (HO)

(/usr/local/texlive/2015/texmf-dist/tex/generic/oberdiek/etexcmds.sty
Package: etexcmds 2011/02/16 v1.5 Avoid name clashes with e-TeX commands (HO)
Package etexcmds Info: Could not find \expanded.
(etexcmds)             That can mean that you are not using pdfTeX 1.50 or
(etexcmds)             that some package has redefined \expanded.
(etexcmds)             In the latter case, load this package earlier.
)))
Package grfext Info: Graphics extension search list:
(grfext)             [.png,.pdf,.jpg,.mps,.jpeg,.jbig2,.jb2,.PNG,.PDF,.JPG,.JPE
G,.JBIG2,.JB2,.eps]
(grfext)             \AppendGraphicsExtensions on input line 452.

(/usr/local/texlive/2015/texmf-dist/tex/latex/latexconfig/epstopdf-sys.cfg
File: epstopdf-sys.cfg 2010/07/13 v1.3 Configuration of (r)epstopdf for TeX Liv
e
))
LaTeX Font Info:    Try loading font information for U+rsfs on input line 13.

(/usr/local/texlive/2015/texmf-dist/tex/latex/jknapltx/ursfs.fd
File: ursfs.fd 1998/03/24 rsfs font definition file (jk)
) [1

{/usr/local/texlive/2015/texmf-var/fonts/map/pdftex/updmap/pdftex.map}] [2] [3]

<v5.png, id=23, 676.5275pt x 409.53pt>
File: v5.png Graphic file (type png)
 <use v5.png>
Package pdftex.def Info: v5.png used on input line 60.
(pdftex.def)             Requested size: 164.9693pt x 44.35828pt.

<v100.png, id=25, 676.5275pt x 409.53pt>
File: v100.png Graphic file (type png)
 <use v100.png>
Package pdftex.def Info: v100.png used on input line 61.
(pdftex.def)             Requested size: 164.9693pt x 44.35828pt.

Overfull \hbox (1.3424pt too wide) in paragraph at lines 60--62
[]\OT1/cmr/bx/n/12 (a) []
 []


Overfull \hbox (0.7799pt too wide) in paragraph at lines 60--62
\OT1/cmr/bx/n/12 (c) [] 
 []

<v15.png, id=27, 676.5275pt x 409.53pt>
File: v15.png Graphic file (type png)
 <use v15.png>
Package pdftex.def Info: v15.png used on input line 64.
(pdftex.def)             Requested size: 164.9693pt x 44.35828pt.

<v300.png, id=29, 676.5275pt x 409.53pt>
File: v300.png Graphic file (type png)
 <use v300.png>
Package pdftex.def Info: v300.png used on input line 65.
(pdftex.def)             Requested size: 164.9693pt x 44.35828pt.

Overfull \hbox (2.2799pt too wide) in paragraph at lines 64--66
[]\OT1/cmr/bx/n/12 (b) []
 []


Overfull \hbox (2.2799pt too wide) in paragraph at lines 64--66
\OT1/cmr/bx/n/12 (d) [] 
 []

<c5.png, id=31, 676.5275pt x 409.53pt>
File: c5.png Graphic file (type png)
 <use c5.png>
Package pdftex.def Info: c5.png used on input line 73.
(pdftex.def)             Requested size: 164.9693pt x 44.35828pt.

<c100.png, id=33, 676.5275pt x 409.53pt>
File: c100.png Graphic file (type png)
 <use c100.png>
Package pdftex.def Info: c100.png used on input line 74.
(pdftex.def)             Requested size: 164.9693pt x 44.35828pt.

Overfull \hbox (1.3424pt too wide) in paragraph at lines 73--75
[]\OT1/cmr/bx/n/12 (a) []
 []


Overfull \hbox (0.7799pt too wide) in paragraph at lines 73--75
\OT1/cmr/bx/n/12 (c) [] 
 []

<c15.png, id=35, 676.5275pt x 409.53pt>
File: c15.png Graphic file (type png)
 <use c15.png>
Package pdftex.def Info: c15.png used on input line 77.
(pdftex.def)             Requested size: 164.9693pt x 44.35828pt.

<c300.png, id=37, 676.5275pt x 409.53pt>
File: c300.png Graphic file (type png)
 <use c300.png>
Package pdftex.def Info: c300.png used on input line 78.
(pdftex.def)             Requested size: 164.9693pt x 44.35828pt.

Overfull \hbox (2.2799pt too wide) in paragraph at lines 77--79
[]\OT1/cmr/bx/n/12 (b) []
 []


Overfull \hbox (2.2799pt too wide) in paragraph at lines 77--79
\OT1/cmr/bx/n/12 (d) [] 
 []

Package epstopdf Info: Source file: <strip.eps>
(epstopdf)                    date: 2017-05-19 12:49:57
(epstopdf)                    size: 982837 bytes
(epstopdf)             Output file: <strip-eps-converted-to.pdf>
(epstopdf)                    date: 2017-05-21 21:29:59
(epstopdf)                    size: 230860 bytes
(epstopdf)             Command: <repstopdf --outfile=strip-eps-converted-to.pdf
 strip.eps>
(epstopdf)             \includegraphics on input line 90.
Package epstopdf Info: Output file is already uptodate.
<strip-eps-converted-to.pdf, id=39, 716.6775pt x 223.83624pt>
File: strip-eps-converted-to.pdf Graphic file (type pdf)

<use strip-eps-converted-to.pdf>
Package pdftex.def Info: strip-eps-converted-to.pdf used on input line 90.
(pdftex.def)             Requested size: 390.0pt x 121.80902pt.
 [4] [5 <./v5.png (PNG copy)> <./v100.png (PNG copy)> <./v15.png (PNG copy)> <.
/v300.png (PNG copy)> <./c5.png (PNG copy)> <./c100.png (PNG copy)> <./c15.png 
(PNG copy)> <./c300.png (PNG copy)>]
Package epstopdf Info: Source file: <strip_gna.eps>
(epstopdf)                    date: 2017-05-19 00:07:44
(epstopdf)                    size: 2474372 bytes
(epstopdf)             Output file: <strip_gna-eps-converted-to.pdf>
(epstopdf)                    date: 2017-05-19 09:21:19
(epstopdf)                    size: 622533 bytes
(epstopdf)             Command: <repstopdf --outfile=strip_gna-eps-converted-to
.pdf strip_gna.eps>
(epstopdf)             \includegraphics on input line 100.
Package epstopdf Info: Output file is already uptodate.

<strip_gna-eps-converted-to.pdf, id=55, 903.375pt x 223.83624pt>
File: strip_gna-eps-converted-to.pdf Graphic file (type pdf)

<use strip_gna-eps-converted-to.pdf>
Package pdftex.def Info: strip_gna-eps-converted-to.pdf used on input line 100.

(pdftex.def)             Requested size: 390.0pt x 123.96417pt.
Package epstopdf Info: Source file: <strip_gcal.eps>
(epstopdf)                    date: 2017-05-19 00:07:33
(epstopdf)                    size: 2476627 bytes
(epstopdf)             Output file: <strip_gcal-eps-converted-to.pdf>
(epstopdf)                    date: 2017-05-19 09:21:20
(epstopdf)                    size: 623839 bytes
(epstopdf)             Command: <repstopdf --outfile=strip_gcal-eps-converted-t
o.pdf strip_gcal.eps>
(epstopdf)             \includegraphics on input line 101.
Package epstopdf Info: Output file is already uptodate.

<strip_gcal-eps-converted-to.pdf, id=57, 903.375pt x 223.83624pt>
File: strip_gcal-eps-converted-to.pdf Graphic file (type pdf)

<use strip_gcal-eps-converted-to.pdf>
Package pdftex.def Info: strip_gcal-eps-converted-to.pdf used on input line 101
.
(pdftex.def)             Requested size: 390.0pt x 123.96417pt.
Package epstopdf Info: Source file: <strip_gkr.eps>
(epstopdf)                    date: 2017-05-19 00:06:55
(epstopdf)                    size: 2473231 bytes
(epstopdf)             Output file: <strip_gkr-eps-converted-to.pdf>
(epstopdf)                    date: 2017-05-19 09:21:22
(epstopdf)                    size: 629011 bytes
(epstopdf)             Command: <repstopdf --outfile=strip_gkr-eps-converted-to
.pdf strip_gkr.eps>
(epstopdf)             \includegraphics on input line 102.
Package epstopdf Info: Output file is already uptodate.

<strip_gkr-eps-converted-to.pdf, id=59, 903.375pt x 223.83624pt>
File: strip_gkr-eps-converted-to.pdf Graphic file (type pdf)

<use strip_gkr-eps-converted-to.pdf>
Package pdftex.def Info: strip_gkr-eps-converted-to.pdf used on input line 102.

(pdftex.def)             Requested size: 390.0pt x 123.96417pt.
Package epstopdf Info: Source file: <strip_gk1.eps>
(epstopdf)                    date: 2017-05-19 00:07:08
(epstopdf)                    size: 2474033 bytes
(epstopdf)             Output file: <strip_gk1-eps-converted-to.pdf>
(epstopdf)                    date: 2017-05-19 09:21:23
(epstopdf)                    size: 641669 bytes
(epstopdf)             Command: <repstopdf --outfile=strip_gk1-eps-converted-to
.pdf strip_gk1.eps>
(epstopdf)             \includegraphics on input line 103.
Package epstopdf Info: Output file is already uptodate.

<strip_gk1-eps-converted-to.pdf, id=61, 903.375pt x 223.83624pt>
File: strip_gk1-eps-converted-to.pdf Graphic file (type pdf)

<use strip_gk1-eps-converted-to.pdf>
Package pdftex.def Info: strip_gk1-eps-converted-to.pdf used on input line 103.

(pdftex.def)             Requested size: 390.0pt x 123.96417pt.
Package epstopdf Info: Source file: <strip_gks.eps>
(epstopdf)                    date: 2017-05-19 00:06:41
(epstopdf)                    size: 2474176 bytes
(epstopdf)             Output file: <strip_gks-eps-converted-to.pdf>
(epstopdf)                    date: 2017-05-19 09:21:24
(epstopdf)                    size: 628007 bytes
(epstopdf)             Command: <repstopdf --outfile=strip_gks-eps-converted-to
.pdf strip_gks.eps>
(epstopdf)             \includegraphics on input line 109.
Package epstopdf Info: Output file is already uptodate.

<strip_gks-eps-converted-to.pdf, id=63, 903.375pt x 223.83624pt>
File: strip_gks-eps-converted-to.pdf Graphic file (type pdf)

<use strip_gks-eps-converted-to.pdf>
Package pdftex.def Info: strip_gks-eps-converted-to.pdf used on input line 109.

(pdftex.def)             Requested size: 390.0pt x 123.96417pt.
Package epstopdf Info: Source file: <strip_gf.eps>
(epstopdf)                    date: 2017-05-19 00:07:20
(epstopdf)                    size: 2473340 bytes
(epstopdf)             Output file: <strip_gf-eps-converted-to.pdf>
(epstopdf)                    date: 2017-05-19 09:21:25
(epstopdf)                    size: 631039 bytes
(epstopdf)             Command: <repstopdf --outfile=strip_gf-eps-converted-to.
pdf strip_gf.eps>
(epstopdf)             \includegraphics on input line 110.
Package epstopdf Info: Output file is already uptodate.

<strip_gf-eps-converted-to.pdf, id=65, 903.375pt x 223.83624pt>
File: strip_gf-eps-converted-to.pdf Graphic file (type pdf)

<use strip_gf-eps-converted-to.pdf>
Package pdftex.def Info: strip_gf-eps-converted-to.pdf used on input line 110.
(pdftex.def)             Requested size: 390.0pt x 123.96417pt.
Package epstopdf Info: Source file: <strip_gto.eps>
(epstopdf)                    date: 2017-05-19 00:06:29
(epstopdf)                    size: 2474092 bytes
(epstopdf)             Output file: <strip_gto-eps-converted-to.pdf>
(epstopdf)                    date: 2017-05-19 09:21:27
(epstopdf)                    size: 627799 bytes
(epstopdf)             Command: <repstopdf --outfile=strip_gto-eps-converted-to
.pdf strip_gto.eps>
(epstopdf)             \includegraphics on input line 111.
Package epstopdf Info: Output file is already uptodate.

<strip_gto-eps-converted-to.pdf, id=67, 903.375pt x 223.83624pt>
File: strip_gto-eps-converted-to.pdf Graphic file (type pdf)

<use strip_gto-eps-converted-to.pdf>
Package pdftex.def Info: strip_gto-eps-converted-to.pdf used on input line 111.

(pdftex.def)             Requested size: 390.0pt x 123.96417pt.
Package epstopdf Info: Source file: <strip_sigmat.eps>
(epstopdf)                    date: 2017-05-19 00:06:02
(epstopdf)                    size: 2473426 bytes
(epstopdf)             Output file: <strip_sigmat-eps-converted-to.pdf>
(epstopdf)                    date: 2017-05-19 09:21:28
(epstopdf)                    size: 631324 bytes
(epstopdf)             Command: <repstopdf --outfile=strip_sigmat-eps-converted
-to.pdf strip_sigmat.eps>
(epstopdf)             \includegraphics on input line 112.
Package epstopdf Info: Output file is already uptodate.

<strip_sigmat-eps-converted-to.pdf, id=69, 903.375pt x 223.83624pt>
File: strip_sigmat-eps-converted-to.pdf Graphic file (type pdf)

<use strip_sigmat-eps-converted-to.pdf>
Package pdftex.def Info: strip_sigmat-eps-converted-to.pdf used on input line 1
12.
(pdftex.def)             Requested size: 390.0pt x 123.96417pt.
Package epstopdf Info: Source file: <amplitude.eps>
(epstopdf)                    date: 2017-05-19 10:11:16
(epstopdf)                    size: 252597 bytes
(epstopdf)             Output file: <amplitude-eps-converted-to.pdf>
(epstopdf)                    date: 2017-05-21 21:30:00
(epstopdf)                    size: 12388 bytes
(epstopdf)             Command: <repstopdf --outfile=amplitude-eps-converted-to
.pdf amplitude.eps>
(epstopdf)             \includegraphics on input line 118.
Package epstopdf Info: Output file is already uptodate.

<amplitude-eps-converted-to.pdf, id=71, 903.375pt x 223.83624pt>
File: amplitude-eps-converted-to.pdf Graphic file (type pdf)

<use amplitude-eps-converted-to.pdf>
Package pdftex.def Info: amplitude-eps-converted-to.pdf used on input line 118.

(pdftex.def)             Requested size: 390.0pt x 106.7161pt.
Package epstopdf Info: Source file: <v_max.eps>
(epstopdf)                    date: 2017-05-19 10:11:05
(epstopdf)                    size: 252343 bytes
(epstopdf)             Output file: <v_max-eps-converted-to.pdf>
(epstopdf)                    date: 2017-05-21 21:30:00
(epstopdf)                    size: 10933 bytes
(epstopdf)             Command: <repstopdf --outfile=v_max-eps-converted-to.pdf
 v_max.eps>
(epstopdf)             \includegraphics on input line 119.
Package epstopdf Info: Output file is already uptodate.

<v_max-eps-converted-to.pdf, id=73, 903.375pt x 223.83624pt>
File: v_max-eps-converted-to.pdf Graphic file (type pdf)

<use v_max-eps-converted-to.pdf>
Package pdftex.def Info: v_max-eps-converted-to.pdf used on input line 119.
(pdftex.def)             Requested size: 390.0pt x 106.7161pt.
Package epstopdf Info: Source file: <v_c.eps>
(epstopdf)                    date: 2017-05-19 10:10:54
(epstopdf)                    size: 189431 bytes
(epstopdf)             Output file: <v_c-eps-converted-to.pdf>
(epstopdf)                    date: 2017-05-21 21:30:01
(epstopdf)                    size: 9660 bytes
(epstopdf)             Command: <repstopdf --outfile=v_c-eps-converted-to.pdf v
_c.eps>
(epstopdf)             \includegraphics on input line 120.
Package epstopdf Info: Output file is already uptodate.

<v_c-eps-converted-to.pdf, id=75, 903.375pt x 223.83624pt>
File: v_c-eps-converted-to.pdf Graphic file (type pdf)

<use v_c-eps-converted-to.pdf>
Package pdftex.def Info: v_c-eps-converted-to.pdf used on input line 120.
(pdftex.def)             Requested size: 390.0pt x 106.7161pt.

Overfull \hbox (19.67358pt too wide) in paragraph at lines 118--121
[]\OT1/cmr/bx/n/12 (a) []
 []


Overfull \hbox (20.61108pt too wide) in paragraph at lines 118--121
\OT1/cmr/bx/n/12 (b) []
 []


Overfull \hbox (19.11108pt too wide) in paragraph at lines 118--121
\OT1/cmr/bx/n/12 (c) [] 
 []

Package epstopdf Info: Source file: <30p.eps>
(epstopdf)                    date: 2017-05-19 10:09:47
(epstopdf)                    size: 190100 bytes
(epstopdf)             Output file: <30p-eps-converted-to.pdf>
(epstopdf)                    date: 2017-05-21 21:30:01
(epstopdf)                    size: 9614 bytes
(epstopdf)             Command: <repstopdf --outfile=30p-eps-converted-to.pdf 3
0p.eps>
(epstopdf)             \includegraphics on input line 126.
Package epstopdf Info: Output file is already uptodate.
<30p-eps-converted-to.pdf, id=77, 903.375pt x 223.83624pt>
File: 30p-eps-converted-to.pdf Graphic file (type pdf)

<use 30p-eps-converted-to.pdf>
Package pdftex.def Info: 30p-eps-converted-to.pdf used on input line 126.
(pdftex.def)             Requested size: 390.0pt x 106.7161pt.
Package epstopdf Info: Source file: <50p.eps>
(epstopdf)                    date: 2017-05-19 10:09:58
(epstopdf)                    size: 189072 bytes
(epstopdf)             Output file: <50p-eps-converted-to.pdf>
(epstopdf)                    date: 2017-05-21 21:30:02
(epstopdf)                    size: 9492 bytes
(epstopdf)             Command: <repstopdf --outfile=50p-eps-converted-to.pdf 5
0p.eps>
(epstopdf)             \includegraphics on input line 127.
Package epstopdf Info: Output file is already uptodate.

<50p-eps-converted-to.pdf, id=79, 903.375pt x 223.83624pt>
File: 50p-eps-converted-to.pdf Graphic file (type pdf)

<use 50p-eps-converted-to.pdf>
Package pdftex.def Info: 50p-eps-converted-to.pdf used on input line 127.
(pdftex.def)             Requested size: 390.0pt x 106.7161pt.
Package epstopdf Info: Source file: <70p.eps>
(epstopdf)                    date: 2017-05-19 10:10:16
(epstopdf)                    size: 189464 bytes
(epstopdf)             Output file: <70p-eps-converted-to.pdf>
(epstopdf)                    date: 2017-05-21 21:30:02
(epstopdf)                    size: 9611 bytes
(epstopdf)             Command: <repstopdf --outfile=70p-eps-converted-to.pdf 7
0p.eps>
(epstopdf)             \includegraphics on input line 128.
Package epstopdf Info: Output file is already uptodate.

<70p-eps-converted-to.pdf, id=81, 903.375pt x 223.83624pt>
File: 70p-eps-converted-to.pdf Graphic file (type pdf)

<use 70p-eps-converted-to.pdf>
Package pdftex.def Info: 70p-eps-converted-to.pdf used on input line 128.
(pdftex.def)             Requested size: 390.0pt x 106.7161pt.
Package epstopdf Info: Source file: <90p.eps>
(epstopdf)                    date: 2017-05-19 10:10:39
(epstopdf)                    size: 190126 bytes
(epstopdf)             Output file: <90p-eps-converted-to.pdf>
(epstopdf)                    date: 2017-05-21 21:30:03
(epstopdf)                    size: 9780 bytes
(epstopdf)             Command: <repstopdf --outfile=90p-eps-converted-to.pdf 9
0p.eps>
(epstopdf)             \includegraphics on input line 129.
Package epstopdf Info: Output file is already uptodate.

<90p-eps-converted-to.pdf, id=83, 903.375pt x 223.83624pt>
File: 90p-eps-converted-to.pdf Graphic file (type pdf)

<use 90p-eps-converted-to.pdf>
Package pdftex.def Info: 90p-eps-converted-to.pdf used on input line 129.
(pdftex.def)             Requested size: 390.0pt x 106.7161pt.

Overfull \hbox (19.67358pt too wide) in paragraph at lines 126--130
[]\OT1/cmr/bx/n/12 (a) []
 []


Overfull \hbox (20.61108pt too wide) in paragraph at lines 126--130
\OT1/cmr/bx/n/12 (b) []
 []


Overfull \hbox (19.11108pt too wide) in paragraph at lines 126--130
\OT1/cmr/bx/n/12 (c) []
 []


Overfull \hbox (20.61108pt too wide) in paragraph at lines 126--130
\OT1/cmr/bx/n/12 (d) [] 
 []

[6] [7 <./strip-eps-converted-to.pdf>]
Package epstopdf Info: Source file: <functional_values.eps>
(epstopdf)                    date: 2017-05-22 11:32:38
(epstopdf)                    size: 221634 bytes
(epstopdf)             Output file: <functional_values-eps-converted-to.pdf>
(epstopdf)                    date: 2017-05-22 12:01:48
(epstopdf)                    size: 13582 bytes
(epstopdf)             Command: <repstopdf --outfile=functional_values-eps-conv
erted-to.pdf functional_values.eps>
(epstopdf)             \includegraphics on input line 144.
Package epstopdf Info: Output file is already uptodate.

<functional_values-eps-converted-to.pdf, id=111, 716.6775pt x 646.415pt>
File: functional_values-eps-converted-to.pdf Graphic file (type pdf)

<use functional_values-eps-converted-to.pdf>
Package pdftex.def Info: functional_values-eps-converted-to.pdf used on input l
ine 144.
(pdftex.def)             Requested size: 390.0pt x 351.77136pt.
Package epstopdf Info: Source file: <functional_values2.eps>
(epstopdf)                    date: 2017-05-22 11:32:25
(epstopdf)                    size: 270487 bytes
(epstopdf)             Output file: <functional_values2-eps-converted-to.pdf>
(epstopdf)                    date: 2017-05-22 12:01:48
(epstopdf)                    size: 14153 bytes
(epstopdf)             Command: <repstopdf --outfile=functional_values2-eps-con
verted-to.pdf functional_values2.eps>
(epstopdf)             \includegraphics on input line 145.
Package epstopdf Info: Output file is already uptodate.

<functional_values2-eps-converted-to.pdf, id=113, 716.6775pt x 400.49625pt>
File: functional_values2-eps-converted-to.pdf Graphic file (type pdf)

<use functional_values2-eps-converted-to.pdf>
Package pdftex.def Info: functional_values2-eps-converted-to.pdf used on input 
line 145.
(pdftex.def)             Requested size: 390.0pt x 217.9453pt.


LaTeX Warning: Float too large for page by 46.71666pt on input line 148.


LaTeX Warning: Reference `table:1' on page 8 undefined on input line 150.


LaTeX Warning: Reference `table:2' on page 8 undefined on input line 150.

Missing character: There is no ‚ in font cmr12!
Missing character: There is no Ä in font cmr12!
Missing character: There is no ì in font cmr12!
[8] [9 <./strip_gna-eps-converted-to.pdf> <./strip_gcal-eps-converted-to.pdf> <
./strip_gkr-eps-converted-to.pdf> <./strip_gk1-eps-converted-to.pdf>] [10 <./st
rip_gks-eps-converted-to.pdf> <./strip_gf-eps-converted-to.pdf> <./strip_gto-ep
s-converted-to.pdf> <./strip_sigmat-eps-converted-to.pdf>] [11 <./amplitude-eps
-converted-to.pdf> <./v_max-eps-converted-to.pdf> <./v_c-eps-converted-to.pdf>]
[12 <./30p-eps-converted-to.pdf> <./50p-eps-converted-to.pdf> <./70p-eps-conver
ted-to.pdf> <./90p-eps-converted-to.pdf>] [13 <./functional_values-eps-converte
d-to.pdf> <./functional_values2-eps-converted-to.pdf>]
Missing character: There is no ‚ in font cmr12!
Missing character: There is no Ä in font cmr12!
Missing character: There is no ì in font cmr12!
 [14]
Missing character: There is no ‚ in font cmr12!
Missing character: There is no Ä in font cmr12!
Missing character: There is no ê in font cmr12!

Underfull \hbox (badness 1990) in paragraph at lines 186--187
[]\OT1/cmr/m/n/12 Barr, & Plon-sey. (1984). Prop-a-ga-tion of ex-ci-ta-tion in 
ide-al-ized
 []

[15] [16] (./Notes_5Mei2017.aux)

LaTeX Warning: There were undefined references.

 ) 
Here is how much of TeX's memory you used:
 12168 strings out of 493089
 242707 string characters out of 6134841
 289361 words of memory out of 5000000
 15373 multiletter control sequences out of 15000+600000
 13546 words of font info for 52 fonts, out of 8000000 for 9000
 1141 hyphenation exceptions out of 8191
 55i,10n,54p,2145b,304s stack positions out of 5000i,500n,10000p,200000b,80000s
</usr/local/texlive/2015/texmf-dist/fonts/type1/public/amsfonts/cm/cmbx12.pfb
></usr/local/texlive/2015/texmf-dist/fonts/type1/public/amsfonts/cm/cmex10.pfb>
</usr/local/texlive/2015/texmf-dist/fonts/type1/public/amsfonts/cm/cmmi12.pfb><
/usr/local/texlive/2015/texmf-dist/fonts/type1/public/amsfonts/cm/cmmi6.pfb></u
sr/local/texlive/2015/texmf-dist/fonts/type1/public/amsfonts/cm/cmmi8.pfb></usr
/local/texlive/2015/texmf-dist/fonts/type1/public/amsfonts/cm/cmr10.pfb></usr/l
ocal/texlive/2015/texmf-dist/fonts/type1/public/amsfonts/cm/cmr12.pfb></usr/loc
al/texlive/2015/texmf-dist/fonts/type1/public/amsfonts/cm/cmr17.pfb></usr/local
/texlive/2015/texmf-dist/fonts/type1/public/amsfonts/cm/cmr6.pfb></usr/local/te
xlive/2015/texmf-dist/fonts/type1/public/amsfonts/cm/cmr7.pfb></usr/local/texli
ve/2015/texmf-dist/fonts/type1/public/amsfonts/cm/cmr8.pfb></usr/local/texlive/
2015/texmf-dist/fonts/type1/public/amsfonts/cm/cmsy10.pfb></usr/local/texlive/2
015/texmf-dist/fonts/type1/public/amsfonts/cm/cmti12.pfb></usr/local/texlive/20
15/texmf-dist/fonts/type1/public/amsfonts/cm/cmtt10.pfb></usr/local/texlive/201
5/texmf-dist/fonts/type1/public/amsfonts/cm/cmtt12.pfb>
Output written on Notes_5Mei2017.pdf (16 pages, 5554442 bytes).
PDF statistics:
 463 PDF objects out of 1000 (max. 8388607)
 308 compressed objects within 4 object streams
 0 named destinations out of 1000 (max. 500000)
 293 words of extra memory for PDF output out of 10000 (max. 10000000)

